{"/Users/samchen/private/code/qoder/server/src/app.controller.ts": {"path":"/Users/samchen/private/code/qoder/server/src/app.controller.ts","statementMap":{"0":{"start":{"line":1,"column":0},"end":{"line":1,"column":60}},"1":{"start":{"line":2,"column":0},"end":{"line":2,"column":43}},"2":{"start":{"line":3,"column":0},"end":{"line":3,"column":56}},"3":{"start":{"line":4,"column":0},"end":{"line":4,"column":60}},"4":{"start":{"line":7,"column":7},"end":{"line":19,"column":null}},"5":{"start":{"line":9,"column":21},"end":{"line":9,"column":33}},"6":{"start":{"line":10,"column":21},"end":{"line":10,"column":29}},"7":{"start":{"line":16,"column":4},"end":{"line":16,"column":80}},"8":{"start":{"line":17,"column":4},"end":{"line":17,"column":38}},"9":{"start":{"line":7,"column":13},"end":{"line":7,"column":26}},"10":{"start":{"line":15,"column":2},"end":{"line":18,"column":null}},"11":{"start":{"line":7,"column":13},"end":{"line":19,"column":null}}},"fnMap":{"0":{"name":"(anonymous_2)","decl":{"start":{"line":8,"column":2},"end":{"line":8,"column":null}},"loc":{"start":{"line":10,"column":42},"end":{"line":11,"column":6}}},"1":{"name":"(anonymous_3)","decl":{"start":{"line":15,"column":2},"end":{"line":15,"column":10}},"loc":{"start":{"line":15,"column":10},"end":{"line":18,"column":3}}}},"branchMap":{"0":{"loc":{"start":{"line":9,"column":33},"end":{"line":9,"column":null}},"type":"cond-expr","locations":[{"start":{"line":9,"column":43},"end":{"line":9,"column":null}},{"start":{"line":9,"column":43},"end":{"line":9,"column":null}}]},"1":{"loc":{"start":{"line":9,"column":33},"end":{"line":9,"column":43}},"type":"binary-expr","locations":[{"start":{"line":9,"column":33},"end":{"line":9,"column":null}},{"start":{"line":9,"column":33},"end":{"line":9,"column":43}}]},"2":{"loc":{"start":{"line":9,"column":43},"end":{"line":10,"column":null}},"type":"cond-expr","locations":[{"start":{"line":10,"column":42},"end":{"line":10,"column":null}},{"start":{"line":10,"column":42},"end":{"line":10,"column":null}}]},"3":{"loc":{"start":{"line":9,"column":43},"end":{"line":10,"column":42}},"type":"binary-expr","locations":[{"start":{"line":9,"column":43},"end":{"line":10,"column":null}},{"start":{"line":10,"column":29},"end":{"line":10,"column":42}}]}},"s":{"0":1,"1":1,"2":1,"3":1,"4":1,"5":1,"6":1,"7":1,"8":1,"9":1,"10":1,"11":1},"f":{"0":1,"1":1},"b":{"0":[1,0],"1":[1,1],"2":[1,0],"3":[1,1]}}
,"/Users/samchen/private/code/qoder/server/src/app.module.ts": {"path":"/Users/samchen/private/code/qoder/server/src/app.module.ts","statementMap":{"0":{"start":{"line":1,"column":0},"end":{"line":1,"column":40}},"1":{"start":{"line":2,"column":0},"end":{"line":2,"column":49}},"2":{"start":{"line":3,"column":0},"end":{"line":3,"column":43}},"3":{"start":{"line":4,"column":0},"end":{"line":4,"column":51}},"4":{"start":{"line":5,"column":0},"end":{"line":5,"column":60}},"5":{"start":{"line":6,"column":0},"end":{"line":6,"column":54}},"6":{"start":{"line":7,"column":0},"end":{"line":7,"column":48}},"7":{"start":{"line":14,"column":7},"end":{"line":14,"column":null}},"8":{"start":{"line":14,"column":13},"end":{"line":14,"column":22}},"9":{"start":{"line":14,"column":13},"end":{"line":14,"column":null}}},"fnMap":{},"branchMap":{},"s":{"0":0,"1":0,"2":0,"3":0,"4":0,"5":0,"6":0,"7":0,"8":0,"9":0},"f":{},"b":{}}
,"/Users/samchen/private/code/qoder/server/src/app.service.ts": {"path":"/Users/samchen/private/code/qoder/server/src/app.service.ts","statementMap":{"0":{"start":{"line":1,"column":0},"end":{"line":1,"column":44}},"1":{"start":{"line":4,"column":7},"end":{"line":8,"column":null}},"2":{"start":{"line":6,"column":4},"end":{"line":6,"column":26}},"3":{"start":{"line":4,"column":13},"end":{"line":4,"column":23}},"4":{"start":{"line":4,"column":13},"end":{"line":8,"column":null}}},"fnMap":{"0":{"name":"(anonymous_1)","decl":{"start":{"line":5,"column":2},"end":{"line":5,"column":10}},"loc":{"start":{"line":5,"column":10},"end":{"line":7,"column":3}}}},"branchMap":{},"s":{"0":1,"1":1,"2":1,"3":1,"4":1},"f":{"0":1},"b":{}}
,"/Users/samchen/private/code/qoder/server/src/main.ts": {"path":"/Users/samchen/private/code/qoder/server/src/main.ts","statementMap":{"0":{"start":{"line":1,"column":0},"end":{"line":1,"column":43}},"1":{"start":{"line":2,"column":0},"end":{"line":2,"column":41}},"2":{"start":{"line":3,"column":0},"end":{"line":3,"column":66}},"3":{"start":{"line":4,"column":0},"end":{"line":4,"column":56}},"4":{"start":{"line":7,"column":14},"end":{"line":9,"column":4}},"5":{"start":{"line":12,"column":24},"end":{"line":12,"column":46}},"6":{"start":{"line":15,"column":2},"end":{"line":15,"column":32}},"7":{"start":{"line":18,"column":2},"end":{"line":18,"column":67}},"8":{"start":{"line":20,"column":15},"end":{"line":20,"column":39}},"9":{"start":{"line":21,"column":2},"end":{"line":21,"column":25}},"10":{"start":{"line":23,"column":2},"end":{"line":23,"column":75}},"11":{"start":{"line":25,"column":0},"end":{"line":28,"column":3}},"12":{"start":{"line":26,"column":2},"end":{"line":26,"column":55}},"13":{"start":{"line":27,"column":2},"end":{"line":27,"column":18}}},"fnMap":{"0":{"name":"bootstrap","decl":{"start":{"line":6,"column":15},"end":{"line":6,"column":24}},"loc":{"start":{"line":6,"column":24},"end":{"line":24,"column":1}}},"1":{"name":"(anonymous_1)","decl":{"start":{"line":25,"column":18},"end":{"line":25,"column":19}},"loc":{"start":{"line":25,"column":28},"end":{"line":28,"column":1}}}},"branchMap":{"0":{"loc":{"start":{"line":20,"column":15},"end":{"line":20,"column":39}},"type":"binary-expr","locations":[{"start":{"line":20,"column":15},"end":{"line":20,"column":31}},{"start":{"line":20,"column":35},"end":{"line":20,"column":39}}]}},"s":{"0":0,"1":0,"2":0,"3":0,"4":0,"5":0,"6":0,"7":0,"8":0,"9":0,"10":0,"11":0,"12":0,"13":0},"f":{"0":0,"1":0},"b":{"0":[0,0]}}
,"/Users/samchen/private/code/qoder/server/src/auth/auth.controller.ts": {"path":"/Users/samchen/private/code/qoder/server/src/auth/auth.controller.ts","statementMap":{"0":{"start":{"line":1,"column":0},"end":{"line":1,"column":null}},"1":{"start":{"line":12,"column":0},"end":{"line":12,"column":45}},"2":{"start":{"line":13,"column":0},"end":{"line":13,"column":43}},"3":{"start":{"line":15,"column":0},"end":{"line":15,"column":55}},"4":{"start":{"line":22,"column":27},"end":{"line":158,"column":null}},"5":{"start":{"line":23,"column":28},"end":{"line":23,"column":59}},"6":{"start":{"line":25,"column":31},"end":{"line":25,"column":44}},"7":{"start":{"line":35,"column":4},"end":{"line":41,"column":6}},"8":{"start":{"line":43,"column":22},"end":{"line":43,"column":32}},"9":{"start":{"line":45,"column":4},"end":{"line":73,"column":5}},"10":{"start":{"line":46,"column":21},"end":{"line":46,"column":59}},"11":{"start":{"line":48,"column":27},"end":{"line":48,"column":49}},"12":{"start":{"line":49,"column":6},"end":{"line":55,"column":8}},"13":{"start":{"line":57,"column":6},"end":{"line":57,"column":20}},"14":{"start":{"line":59,"column":27},"end":{"line":59,"column":49}},"15":{"start":{"line":60,"column":6},"end":{"line":60,"column":48}},"16":{"start":{"line":61,"column":6},"end":{"line":71,"column":8}},"17":{"start":{"line":72,"column":6},"end":{"line":72,"column":18}},"18":{"start":{"line":84,"column":4},"end":{"line":88,"column":6}},"19":{"start":{"line":90,"column":22},"end":{"line":90,"column":32}},"20":{"start":{"line":92,"column":4},"end":{"line":127,"column":5}},"21":{"start":{"line":94,"column":27},"end":{"line":94,"column":49}},"22":{"start":{"line":95,"column":6},"end":{"line":101,"column":8}},"23":{"start":{"line":103,"column":6},"end":{"line":111,"column":8}},"24":{"start":{"line":113,"column":27},"end":{"line":113,"column":49}},"25":{"start":{"line":114,"column":6},"end":{"line":114,"column":52}},"26":{"start":{"line":115,"column":6},"end":{"line":125,"column":8}},"27":{"start":{"line":126,"column":6},"end":{"line":126,"column":18}},"28":{"start":{"line":137,"column":4},"end":{"line":141,"column":6}},"29":{"start":{"line":143,"column":22},"end":{"line":143,"column":32}},"30":{"start":{"line":144,"column":25},"end":{"line":144,"column":47}},"31":{"start":{"line":146,"column":4},"end":{"line":152,"column":6}},"32":{"start":{"line":154,"column":4},"end":{"line":156,"column":6}},"33":{"start":{"line":22,"column":13},"end":{"line":22,"column":27}},"34":{"start":{"line":34,"column":8},"end":{"line":74,"column":null}},"35":{"start":{"line":83,"column":2},"end":{"line":128,"column":null}},"36":{"start":{"line":136,"column":2},"end":{"line":157,"column":null}},"37":{"start":{"line":22,"column":13},"end":{"line":158,"column":null}}},"fnMap":{"0":{"name":"(anonymous_4)","decl":{"start":{"line":25,"column":2},"end":{"line":25,"column":31}},"loc":{"start":{"line":25,"column":55},"end":{"line":25,"column":59}}},"1":{"name":"(anonymous_5)","decl":{"start":{"line":34,"column":8},"end":{"line":34,"column":13}},"loc":{"start":{"line":34,"column":40},"end":{"line":74,"column":3}}},"2":{"name":"(anonymous_6)","decl":{"start":{"line":83,"column":2},"end":{"line":83,"column":12}},"loc":{"start":{"line":83,"column":32},"end":{"line":128,"column":3}}},"3":{"name":"(anonymous_7)","decl":{"start":{"line":136,"column":2},"end":{"line":136,"column":8}},"loc":{"start":{"line":136,"column":8},"end":{"line":157,"column":3}}}},"branchMap":{"0":{"loc":{"start":{"line":63,"column":11},"end":{"line":63,"column":30}},"type":"binary-expr","locations":[{"start":{"line":63,"column":11},"end":{"line":63,"column":23}},{"start":{"line":63,"column":27},"end":{"line":63,"column":30}}]},"1":{"loc":{"start":{"line":117,"column":11},"end":{"line":117,"column":30}},"type":"binary-expr","locations":[{"start":{"line":117,"column":11},"end":{"line":117,"column":23}},{"start":{"line":117,"column":27},"end":{"line":117,"column":30}}]},"2":{"loc":{"start":{"line":34,"column":32},"end":{"line":34,"column":43}},"type":"cond-expr","locations":[{"start":{"line":34,"column":40},"end":{"line":34,"column":43}},{"start":{"line":34,"column":40},"end":{"line":34,"column":43}}]},"3":{"loc":{"start":{"line":34,"column":32},"end":{"line":34,"column":40}},"type":"binary-expr","locations":[{"start":{"line":34,"column":32},"end":{"line":34,"column":43}},{"start":{"line":34,"column":32},"end":{"line":34,"column":40}}]},"4":{"loc":{"start":{"line":34,"column":43},"end":{"line":34,"column":null}},"type":"cond-expr","locations":[{"start":{"line":34,"column":50},"end":{"line":34,"column":null}},{"start":{"line":34,"column":50},"end":{"line":34,"column":null}}]},"5":{"loc":{"start":{"line":34,"column":43},"end":{"line":34,"column":50}},"type":"binary-expr","locations":[{"start":{"line":34,"column":43},"end":{"line":34,"column":null}},{"start":{"line":34,"column":43},"end":{"line":34,"column":50}}]},"6":{"loc":{"start":{"line":25,"column":44},"end":{"line":25,"column":58}},"type":"cond-expr","locations":[{"start":{"line":25,"column":55},"end":{"line":25,"column":58}},{"start":{"line":25,"column":55},"end":{"line":25,"column":58}}]},"7":{"loc":{"start":{"line":25,"column":44},"end":{"line":25,"column":55}},"type":"binary-expr","locations":[{"start":{"line":25,"column":44},"end":{"line":25,"column":58}},{"start":{"line":25,"column":44},"end":{"line":25,"column":55}}]}},"s":{"0":1,"1":1,"2":1,"3":1,"4":1,"5":7,"6":7,"7":5,"8":5,"9":5,"10":5,"11":1,"12":1,"13":1,"14":4,"15":4,"16":4,"17":4,"18":2,"19":2,"20":2,"21":2,"22":2,"23":2,"24":0,"25":0,"26":0,"27":0,"28":1,"29":1,"30":1,"31":1,"32":1,"33":1,"34":1,"35":1,"36":1,"37":1},"f":{"0":7,"1":5,"2":2,"3":1},"b":{"0":[4,0],"1":[0,0],"2":[1,0],"3":[1,1],"4":[1,0],"5":[1,1],"6":[1,0],"7":[1,1]}}
,"/Users/samchen/private/code/qoder/server/src/auth/auth.module.ts": {"path":"/Users/samchen/private/code/qoder/server/src/auth/auth.module.ts","statementMap":{"0":{"start":{"line":1,"column":0},"end":{"line":1,"column":40}},"1":{"start":{"line":2,"column":0},"end":{"line":2,"column":40}},"2":{"start":{"line":3,"column":0},"end":{"line":3,"column":50}},"3":{"start":{"line":4,"column":0},"end":{"line":4,"column":45}},"4":{"start":{"line":5,"column":0},"end":{"line":5,"column":51}},"5":{"start":{"line":6,"column":0},"end":{"line":6,"column":52}},"6":{"start":{"line":7,"column":0},"end":{"line":7,"column":56}},"7":{"start":{"line":24,"column":7},"end":{"line":24,"column":null}},"8":{"start":{"line":24,"column":13},"end":{"line":24,"column":23}},"9":{"start":{"line":24,"column":13},"end":{"line":24,"column":null}}},"fnMap":{},"branchMap":{"0":{"loc":{"start":{"line":14,"column":14},"end":{"line":14,"column":60}},"type":"binary-expr","locations":[{"start":{"line":14,"column":14},"end":{"line":14,"column":36}},{"start":{"line":14,"column":40},"end":{"line":14,"column":60}}]},"1":{"loc":{"start":{"line":16,"column":19},"end":{"line":16,"column":53}},"type":"binary-expr","locations":[{"start":{"line":16,"column":19},"end":{"line":16,"column":45}},{"start":{"line":16,"column":49},"end":{"line":16,"column":53}}]}},"s":{"0":0,"1":0,"2":0,"3":0,"4":0,"5":0,"6":0,"7":0,"8":0,"9":0},"f":{},"b":{"0":[0,0],"1":[0,0]}}
,"/Users/samchen/private/code/qoder/server/src/auth/auth.service.ts": {"path":"/Users/samchen/private/code/qoder/server/src/auth/auth.service.ts","statementMap":{"0":{"start":{"line":1,"column":0},"end":{"line":1,"column":75}},"1":{"start":{"line":2,"column":0},"end":{"line":2,"column":41}},"2":{"start":{"line":3,"column":0},"end":{"line":3,"column":54}},"3":{"start":{"line":5,"column":0},"end":{"line":5,"column":60}},"4":{"start":{"line":6,"column":0},"end":{"line":6,"column":65}},"5":{"start":{"line":14,"column":24},"end":{"line":121,"column":null}},"6":{"start":{"line":15,"column":28},"end":{"line":15,"column":56}},"7":{"start":{"line":18,"column":21},"end":{"line":18,"column":35}},"8":{"start":{"line":19,"column":21},"end":{"line":19,"column":33}},"9":{"start":{"line":28,"column":4},"end":{"line":28,"column":52}},"10":{"start":{"line":31,"column":17},"end":{"line":31,"column":78}},"11":{"start":{"line":32,"column":4},"end":{"line":35,"column":5}},"12":{"start":{"line":33,"column":6},"end":{"line":33,"column":61}},"13":{"start":{"line":34,"column":6},"end":{"line":34,"column":50}},"14":{"start":{"line":38,"column":4},"end":{"line":41,"column":5}},"15":{"start":{"line":39,"column":6},"end":{"line":39,"column":62}},"16":{"start":{"line":40,"column":6},"end":{"line":40,"column":48}},"17":{"start":{"line":44,"column":32},"end":{"line":47,"column":6}},"18":{"start":{"line":49,"column":24},"end":{"line":49,"column":53}},"19":{"start":{"line":50,"column":25},"end":{"line":50,"column":50}},"20":{"start":{"line":52,"column":4},"end":{"line":52,"column":52}},"21":{"start":{"line":54,"column":4},"end":{"line":54,"column":59}},"22":{"start":{"line":64,"column":4},"end":{"line":91,"column":5}},"23":{"start":{"line":65,"column":6},"end":{"line":65,"column":47}},"24":{"start":{"line":66,"column":19},"end":{"line":66,"column":74}},"25":{"start":{"line":67,"column":6},"end":{"line":70,"column":7}},"26":{"start":{"line":68,"column":8},"end":{"line":68,"column":48}},"27":{"start":{"line":69,"column":8},"end":{"line":69,"column":20}},"28":{"start":{"line":72,"column":6},"end":{"line":74,"column":8}},"29":{"start":{"line":75,"column":6},"end":{"line":75,"column":73}},"30":{"start":{"line":78,"column":30},"end":{"line":78,"column":66}},"31":{"start":{"line":79,"column":6},"end":{"line":79,"column":54}},"32":{"start":{"line":81,"column":6},"end":{"line":84,"column":7}},"33":{"start":{"line":82,"column":8},"end":{"line":82,"column":36}},"34":{"start":{"line":83,"column":8},"end":{"line":83,"column":20}},"35":{"start":{"line":86,"column":6},"end":{"line":86,"column":52}},"36":{"start":{"line":87,"column":6},"end":{"line":87,"column":18}},"37":{"start":{"line":89,"column":6},"end":{"line":89,"column":45}},"38":{"start":{"line":90,"column":6},"end":{"line":90,"column":18}},"39":{"start":{"line":100,"column":4},"end":{"line":105,"column":5}},"40":{"start":{"line":101,"column":6},"end":{"line":101,"column":43}},"41":{"start":{"line":103,"column":6},"end":{"line":103,"column":45}},"42":{"start":{"line":104,"column":6},"end":{"line":104,"column":47}},"43":{"start":{"line":114,"column":32},"end":{"line":117,"column":6}},"44":{"start":{"line":119,"column":4},"end":{"line":119,"column":41}},"45":{"start":{"line":14,"column":13},"end":{"line":14,"column":24}},"46":{"start":{"line":14,"column":13},"end":{"line":121,"column":null}}},"fnMap":{"0":{"name":"(anonymous_2)","decl":{"start":{"line":17,"column":2},"end":{"line":17,"column":null}},"loc":{"start":{"line":19,"column":43},"end":{"line":20,"column":6}}},"1":{"name":"(anonymous_3)","decl":{"start":{"line":27,"column":2},"end":{"line":27,"column":7}},"loc":{"start":{"line":27,"column":32},"end":{"line":55,"column":3}}},"2":{"name":"(anonymous_4)","decl":{"start":{"line":63,"column":2},"end":{"line":63,"column":7}},"loc":{"start":{"line":63,"column":55},"end":{"line":92,"column":3}}},"3":{"name":"(anonymous_5)","decl":{"start":{"line":99,"column":2},"end":{"line":99,"column":7}},"loc":{"start":{"line":99,"column":33},"end":{"line":106,"column":3}}},"4":{"name":"(anonymous_6)","decl":{"start":{"line":113,"column":2},"end":{"line":113,"column":14}},"loc":{"start":{"line":113,"column":24},"end":{"line":120,"column":3}}}},"branchMap":{"0":{"loc":{"start":{"line":32,"column":4},"end":{"line":35,"column":5}},"type":"if","locations":[{"start":{"line":32,"column":4},"end":{"line":35,"column":5}},{"start":{},"end":{}}]},"1":{"loc":{"start":{"line":38,"column":4},"end":{"line":41,"column":5}},"type":"if","locations":[{"start":{"line":38,"column":4},"end":{"line":41,"column":5}},{"start":{},"end":{}}]},"2":{"loc":{"start":{"line":67,"column":6},"end":{"line":70,"column":7}},"type":"if","locations":[{"start":{"line":67,"column":6},"end":{"line":70,"column":7}},{"start":{},"end":{}}]},"3":{"loc":{"start":{"line":81,"column":6},"end":{"line":84,"column":7}},"type":"if","locations":[{"start":{"line":81,"column":6},"end":{"line":84,"column":7}},{"start":{},"end":{}}]},"4":{"loc":{"start":{"line":18,"column":35},"end":{"line":18,"column":null}},"type":"cond-expr","locations":[{"start":{"line":18,"column":47},"end":{"line":18,"column":null}},{"start":{"line":18,"column":47},"end":{"line":18,"column":null}}]},"5":{"loc":{"start":{"line":18,"column":35},"end":{"line":18,"column":47}},"type":"binary-expr","locations":[{"start":{"line":18,"column":35},"end":{"line":18,"column":null}},{"start":{"line":18,"column":35},"end":{"line":18,"column":47}}]},"6":{"loc":{"start":{"line":18,"column":47},"end":{"line":19,"column":null}},"type":"cond-expr","locations":[{"start":{"line":19,"column":43},"end":{"line":19,"column":null}},{"start":{"line":19,"column":43},"end":{"line":19,"column":null}}]},"7":{"loc":{"start":{"line":18,"column":47},"end":{"line":19,"column":43}},"type":"binary-expr","locations":[{"start":{"line":18,"column":47},"end":{"line":19,"column":null}},{"start":{"line":19,"column":33},"end":{"line":19,"column":43}}]}},"s":{"0":2,"1":2,"2":2,"3":2,"4":2,"5":2,"6":12,"7":12,"8":12,"9":7,"10":7,"11":7,"12":4,"13":4,"14":3,"15":2,"16":2,"17":1,"18":1,"19":1,"20":1,"21":1,"22":11,"23":11,"24":11,"25":10,"26":3,"27":3,"28":7,"29":7,"30":7,"31":7,"32":7,"33":3,"34":3,"35":4,"36":4,"37":1,"38":1,"39":3,"40":3,"41":2,"42":2,"43":1,"44":1,"45":2,"46":2},"f":{"0":12,"1":7,"2":11,"3":3,"4":1},"b":{"0":[4,3],"1":[2,1],"2":[3,7],"3":[3,4],"4":[2,0],"5":[2,2],"6":[2,0],"7":[2,2]}}
,"/Users/samchen/private/code/qoder/server/src/auth/dto/login-response.dto.ts": {"path":"/Users/samchen/private/code/qoder/server/src/auth/dto/login-response.dto.ts","statementMap":{"0":{"start":{"line":24,"column":4},"end":{"line":24,"column":35}},"1":{"start":{"line":25,"column":4},"end":{"line":25,"column":30}},"2":{"start":{"line":26,"column":4},"end":{"line":26,"column":31}},"3":{"start":{"line":27,"column":4},"end":{"line":27,"column":21}},"4":{"start":{"line":6,"column":0},"end":{"line":6,"column":13}}},"fnMap":{"0":{"name":"(anonymous_0)","decl":{"start":{"line":19,"column":2},"end":{"line":19,"column":null}},"loc":{"start":{"line":22,"column":28},"end":{"line":28,"column":3}}}},"branchMap":{"0":{"loc":{"start":{"line":22,"column":4},"end":{"line":22,"column":28}},"type":"default-arg","locations":[{"start":{"line":22,"column":24},"end":{"line":22,"column":28}}]}},"s":{"0":1,"1":1,"2":1,"3":1,"4":2},"f":{"0":1},"b":{"0":[1]}}
,"/Users/samchen/private/code/qoder/server/src/auth/dto/login.dto.ts": {"path":"/Users/samchen/private/code/qoder/server/src/auth/dto/login.dto.ts","statementMap":{"0":{"start":{"line":1,"column":0},"end":{"line":1,"column":66}},"1":{"start":{"line":6,"column":0},"end":{"line":6,"column":13}},"2":{"start":{"line":10,"column":2},"end":{"line":10,"column":null}},"3":{"start":{"line":16,"column":2},"end":{"line":16,"column":null}}},"fnMap":{},"branchMap":{},"s":{"0":1,"1":1,"2":1,"3":1},"f":{},"b":{}}
,"/Users/samchen/private/code/qoder/server/src/auth/guards/jwt-auth.guard.ts": {"path":"/Users/samchen/private/code/qoder/server/src/auth/guards/jwt-auth.guard.ts","statementMap":{"0":{"start":{"line":1,"column":0},"end":{"line":1,"column":44}},"1":{"start":{"line":2,"column":0},"end":{"line":2,"column":45}},"2":{"start":{"line":9,"column":7},"end":{"line":9,"column":null}},"3":{"start":{"line":9,"column":13},"end":{"line":9,"column":25}},"4":{"start":{"line":9,"column":13},"end":{"line":9,"column":null}}},"fnMap":{},"branchMap":{},"s":{"0":3,"1":3,"2":3,"3":3,"4":3},"f":{},"b":{}}
,"/Users/samchen/private/code/qoder/server/src/auth/strategies/jwt.strategy.ts": {"path":"/Users/samchen/private/code/qoder/server/src/auth/strategies/jwt.strategy.ts","statementMap":{"0":{"start":{"line":1,"column":0},"end":{"line":1,"column":67}},"1":{"start":{"line":2,"column":0},"end":{"line":2,"column":52}},"2":{"start":{"line":3,"column":0},"end":{"line":3,"column":52}},"3":{"start":{"line":4,"column":0},"end":{"line":4,"column":57}},"4":{"start":{"line":24,"column":7},"end":{"line":53,"column":null}},"5":{"start":{"line":26,"column":4},"end":{"line":33,"column":7}},"6":{"start":{"line":25,"column":31},"end":{"line":25,"column":45}},"7":{"start":{"line":42,"column":17},"end":{"line":42,"column":73}},"8":{"start":{"line":43,"column":4},"end":{"line":45,"column":5}},"9":{"start":{"line":44,"column":6},"end":{"line":44,"column":47}},"10":{"start":{"line":47,"column":4},"end":{"line":49,"column":5}},"11":{"start":{"line":48,"column":6},"end":{"line":48,"column":48}},"12":{"start":{"line":51,"column":4},"end":{"line":51,"column":16}},"13":{"start":{"line":24,"column":13},"end":{"line":24,"column":24}},"14":{"start":{"line":24,"column":13},"end":{"line":53,"column":null}}},"fnMap":{"0":{"name":"(anonymous_2)","decl":{"start":{"line":25,"column":2},"end":{"line":25,"column":31}},"loc":{"start":{"line":25,"column":57},"end":{"line":34,"column":3}}},"1":{"name":"(anonymous_3)","decl":{"start":{"line":41,"column":2},"end":{"line":41,"column":7}},"loc":{"start":{"line":41,"column":36},"end":{"line":52,"column":3}}}},"branchMap":{"0":{"loc":{"start":{"line":32,"column":19},"end":{"line":32,"column":65}},"type":"binary-expr","locations":[{"start":{"line":32,"column":19},"end":{"line":32,"column":41}},{"start":{"line":32,"column":45},"end":{"line":32,"column":65}}]},"1":{"loc":{"start":{"line":43,"column":4},"end":{"line":45,"column":5}},"type":"if","locations":[{"start":{"line":43,"column":4},"end":{"line":45,"column":5}},{"start":{},"end":{}}]},"2":{"loc":{"start":{"line":47,"column":4},"end":{"line":49,"column":5}},"type":"if","locations":[{"start":{"line":47,"column":4},"end":{"line":49,"column":5}},{"start":{},"end":{}}]},"3":{"loc":{"start":{"line":25,"column":45},"end":{"line":25,"column":null}},"type":"cond-expr","locations":[{"start":{"line":25,"column":57},"end":{"line":25,"column":null}},{"start":{"line":25,"column":57},"end":{"line":25,"column":null}}]},"4":{"loc":{"start":{"line":25,"column":45},"end":{"line":25,"column":57}},"type":"binary-expr","locations":[{"start":{"line":25,"column":45},"end":{"line":25,"column":null}},{"start":{"line":25,"column":45},"end":{"line":25,"column":57}}]}},"s":{"0":0,"1":0,"2":0,"3":0,"4":0,"5":0,"6":0,"7":0,"8":0,"9":0,"10":0,"11":0,"12":0,"13":0,"14":0},"f":{"0":0,"1":0},"b":{"0":[0,0],"1":[0,0],"2":[0,0],"3":[0,0],"4":[0,0]}}
,"/Users/samchen/private/code/qoder/server/src/cli/seed-roles.ts": {"path":"/Users/samchen/private/code/qoder/server/src/cli/seed-roles.ts","statementMap":{"0":{"start":{"line":58,"column":9},"end":{"line":58,"column":18}},"1":{"start":{"line":3,"column":0},"end":{"line":3,"column":43}},"2":{"start":{"line":4,"column":0},"end":{"line":4,"column":40}},"3":{"start":{"line":5,"column":0},"end":{"line":5,"column":61}},"4":{"start":{"line":6,"column":0},"end":{"line":6,"column":72}},"5":{"start":{"line":18,"column":17},"end":{"line":18,"column":42}},"6":{"start":{"line":20,"column":2},"end":{"line":50,"column":3}},"7":{"start":{"line":21,"column":4},"end":{"line":21,"column":37}},"8":{"start":{"line":24,"column":16},"end":{"line":24,"column":74}},"9":{"start":{"line":27,"column":24},"end":{"line":27,"column":52}},"10":{"start":{"line":30,"column":4},"end":{"line":30,"column":34}},"11":{"start":{"line":33,"column":18},"end":{"line":33,"column":55}},"12":{"start":{"line":34,"column":4},"end":{"line":34,"column":34}},"13":{"start":{"line":35,"column":4},"end":{"line":35,"column":48}},"14":{"start":{"line":36,"column":4},"end":{"line":36,"column":47}},"15":{"start":{"line":38,"column":4},"end":{"line":38,"column":26}},"16":{"start":{"line":39,"column":4},"end":{"line":41,"column":5}},"17":{"start":{"line":40,"column":6},"end":{"line":40,"column":52}},"18":{"start":{"line":43,"column":4},"end":{"line":43,"column":22}},"19":{"start":{"line":44,"column":4},"end":{"line":44,"column":35}},"20":{"start":{"line":45,"column":4},"end":{"line":45,"column":20}},"21":{"start":{"line":47,"column":4},"end":{"line":47,"column":48}},"22":{"start":{"line":48,"column":4},"end":{"line":48,"column":33}},"23":{"start":{"line":49,"column":4},"end":{"line":49,"column":20}},"24":{"start":{"line":54,"column":0},"end":{"line":56,"column":1}},"25":{"start":{"line":55,"column":2},"end":{"line":55,"column":19}}},"fnMap":{"0":{"name":"seedRoles","decl":{"start":{"line":17,"column":15},"end":{"line":17,"column":24}},"loc":{"start":{"line":17,"column":24},"end":{"line":51,"column":1}}}},"branchMap":{"0":{"loc":{"start":{"line":54,"column":0},"end":{"line":56,"column":1}},"type":"if","locations":[{"start":{"line":54,"column":0},"end":{"line":56,"column":1}},{"start":{},"end":{}}]}},"s":{"0":0,"1":0,"2":0,"3":0,"4":0,"5":0,"6":0,"7":0,"8":0,"9":0,"10":0,"11":0,"12":0,"13":0,"14":0,"15":0,"16":0,"17":0,"18":0,"19":0,"20":0,"21":0,"22":0,"23":0,"24":0,"25":0},"f":{"0":0},"b":{"0":[0,0]}}
,"/Users/samchen/private/code/qoder/server/src/common/enums/roles.enum.ts": {"path":"/Users/samchen/private/code/qoder/server/src/common/enums/roles.enum.ts","statementMap":{"0":{"start":{"line":42,"column":0},"end":{"line":42,"column":16}},"1":{"start":{"line":50,"column":0},"end":{"line":50,"column":16}},"2":{"start":{"line":5,"column":0},"end":{"line":5,"column":null}},"3":{"start":{"line":7,"column":2},"end":{"line":7,"column":null}},"4":{"start":{"line":10,"column":2},"end":{"line":10,"column":null}},"5":{"start":{"line":13,"column":2},"end":{"line":13,"column":null}},"6":{"start":{"line":16,"column":2},"end":{"line":16,"column":null}},"7":{"start":{"line":19,"column":2},"end":{"line":19,"column":null}},"8":{"start":{"line":22,"column":2},"end":{"line":22,"column":null}},"9":{"start":{"line":28,"column":13},"end":{"line":35,"column":2}},"10":{"start":{"line":43,"column":2},"end":{"line":43,"column":36}},"11":{"start":{"line":51,"column":2},"end":{"line":53,"column":18}},"12":{"start":{"line":52,"column":15},"end":{"line":52,"column":40}}},"fnMap":{"0":{"name":"(anonymous_0)","decl":{"start":{"line":5,"column":0},"end":{"line":5,"column":12}},"loc":{"start":{"line":5,"column":20},"end":{"line":23,"column":1}}},"1":{"name":"getRoleName","decl":{"start":{"line":42,"column":16},"end":{"line":42,"column":27}},"loc":{"start":{"line":42,"column":42},"end":{"line":44,"column":1}}},"2":{"name":"getAllRoles","decl":{"start":{"line":50,"column":16},"end":{"line":50,"column":27}},"loc":{"start":{"line":50,"column":27},"end":{"line":54,"column":1}}},"3":{"name":"(anonymous_3)","decl":{"start":{"line":52,"column":4},"end":{"line":52,"column":5}},"loc":{"start":{"line":52,"column":15},"end":{"line":52,"column":40}}}},"branchMap":{"0":{"loc":{"start":{"line":5,"column":12},"end":{"line":5,"column":null}},"type":"binary-expr","locations":[{"start":{"line":5,"column":12},"end":{"line":5,"column":20}},{"start":{"line":5,"column":20},"end":{"line":5,"column":null}}]},"1":{"loc":{"start":{"line":43,"column":9},"end":{"line":43,"column":35}},"type":"binary-expr","locations":[{"start":{"line":43,"column":9},"end":{"line":43,"column":25}},{"start":{"line":43,"column":29},"end":{"line":43,"column":35}}]}},"s":{"0":4,"1":4,"2":4,"3":4,"4":4,"5":4,"6":4,"7":4,"8":4,"9":4,"10":27,"11":0,"12":0},"f":{"0":4,"1":27,"2":0,"3":0},"b":{"0":[4,4],"1":[27,0]}}
,"/Users/samchen/private/code/qoder/server/src/database/database-seed.service.ts": {"path":"/Users/samchen/private/code/qoder/server/src/database/database-seed.service.ts","statementMap":{"0":{"start":{"line":1,"column":0},"end":{"line":1,"column":52}},"1":{"start":{"line":2,"column":0},"end":{"line":2,"column":47}},"2":{"start":{"line":3,"column":0},"end":{"line":3,"column":33}},"3":{"start":{"line":4,"column":0},"end":{"line":4,"column":null}},"4":{"start":{"line":9,"column":0},"end":{"line":9,"column":null}},"5":{"start":{"line":15,"column":0},"end":{"line":15,"column":60}},"6":{"start":{"line":16,"column":0},"end":{"line":16,"column":67}},"7":{"start":{"line":23,"column":32},"end":{"line":398,"column":null}},"8":{"start":{"line":24,"column":28},"end":{"line":24,"column":64}},"9":{"start":{"line":27,"column":36},"end":{"line":27,"column":47}},"10":{"start":{"line":28,"column":36},"end":{"line":28,"column":47}},"11":{"start":{"line":35,"column":4},"end":{"line":35,"column":39}},"12":{"start":{"line":37,"column":4},"end":{"line":44,"column":5}},"13":{"start":{"line":38,"column":6},"end":{"line":38,"column":29}},"14":{"start":{"line":39,"column":6},"end":{"line":39,"column":29}},"15":{"start":{"line":40,"column":6},"end":{"line":40,"column":38}},"16":{"start":{"line":42,"column":6},"end":{"line":42,"column":47}},"17":{"start":{"line":43,"column":6},"end":{"line":43,"column":18}},"18":{"start":{"line":51,"column":4},"end":{"line":51,"column":36}},"19":{"start":{"line":54,"column":23},"end":{"line":54,"column":45}},"20":{"start":{"line":55,"column":4},"end":{"line":57,"column":5}},"21":{"start":{"line":56,"column":6},"end":{"line":56,"column":59}},"22":{"start":{"line":60,"column":31},"end":{"line":60,"column":68}},"23":{"start":{"line":61,"column":4},"end":{"line":66,"column":5}},"24":{"start":{"line":62,"column":6},"end":{"line":64,"column":8}},"25":{"start":{"line":65,"column":6},"end":{"line":65,"column":13}},"26":{"start":{"line":68,"column":4},"end":{"line":68,"column":68}},"27":{"start":{"line":71,"column":26},"end":{"line":76,"column":7}},"28":{"start":{"line":71,"column":60},"end":{"line":76,"column":6}},"29":{"start":{"line":78,"column":4},"end":{"line":93,"column":5}},"30":{"start":{"line":80,"column":28},"end":{"line":80,"column":74}},"31":{"start":{"line":82,"column":6},"end":{"line":82,"column":67}},"32":{"start":{"line":83,"column":6},"end":{"line":87,"column":9}},"33":{"start":{"line":84,"column":8},"end":{"line":86,"column":10}},"34":{"start":{"line":89,"column":6},"end":{"line":89,"column":35}},"35":{"start":{"line":91,"column":6},"end":{"line":91,"column":44}},"36":{"start":{"line":92,"column":6},"end":{"line":92,"column":52}},"37":{"start":{"line":101,"column":4},"end":{"line":101,"column":26}},"38":{"start":{"line":109,"column":4},"end":{"line":115,"column":5}},"39":{"start":{"line":110,"column":20},"end":{"line":110,"column":57}},"40":{"start":{"line":111,"column":6},"end":{"line":111,"column":24}},"41":{"start":{"line":113,"column":6},"end":{"line":113,"column":44}},"42":{"start":{"line":114,"column":6},"end":{"line":114,"column":19}},"43":{"start":{"line":123,"column":4},"end":{"line":123,"column":42}},"44":{"start":{"line":125,"column":4},"end":{"line":127,"column":5}},"45":{"start":{"line":126,"column":6},"end":{"line":126,"column":38}},"46":{"start":{"line":129,"column":4},"end":{"line":138,"column":5}},"47":{"start":{"line":131,"column":27},"end":{"line":131,"column":62}},"48":{"start":{"line":132,"column":6},"end":{"line":132,"column":64}},"49":{"start":{"line":134,"column":6},"end":{"line":134,"column":34}},"50":{"start":{"line":136,"column":6},"end":{"line":136,"column":44}},"51":{"start":{"line":137,"column":6},"end":{"line":137,"column":52}},"52":{"start":{"line":152,"column":4},"end":{"line":184,"column":5}},"53":{"start":{"line":154,"column":22},"end":{"line":154,"column":56}},"54":{"start":{"line":157,"column":26},"end":{"line":157,"column":72}},"55":{"start":{"line":157,"column":58},"end":{"line":157,"column":71}},"56":{"start":{"line":159,"column":6},"end":{"line":168,"column":8}},"57":{"start":{"line":162,"column":45},"end":{"line":165,"column":10}},"58":{"start":{"line":170,"column":6},"end":{"line":170,"column":46}},"59":{"start":{"line":172,"column":26},"end":{"line":172,"column":72}},"60":{"start":{"line":172,"column":58},"end":{"line":172,"column":71}},"61":{"start":{"line":174,"column":6},"end":{"line":183,"column":8}},"62":{"start":{"line":177,"column":45},"end":{"line":180,"column":10}},"63":{"start":{"line":192,"column":4},"end":{"line":197,"column":5}},"64":{"start":{"line":193,"column":6},"end":{"line":193,"column":68}},"65":{"start":{"line":195,"column":6},"end":{"line":195,"column":44}},"66":{"start":{"line":196,"column":6},"end":{"line":196,"column":16}},"67":{"start":{"line":206,"column":4},"end":{"line":211,"column":5}},"68":{"start":{"line":207,"column":6},"end":{"line":207,"column":61}},"69":{"start":{"line":209,"column":6},"end":{"line":209,"column":53}},"70":{"start":{"line":210,"column":6},"end":{"line":210,"column":18}},"71":{"start":{"line":220,"column":4},"end":{"line":226,"column":5}},"72":{"start":{"line":221,"column":20},"end":{"line":221,"column":67}},"73":{"start":{"line":222,"column":6},"end":{"line":222,"column":23}},"74":{"start":{"line":224,"column":6},"end":{"line":224,"column":56}},"75":{"start":{"line":225,"column":6},"end":{"line":225,"column":19}},"76":{"start":{"line":233,"column":4},"end":{"line":233,"column":36}},"77":{"start":{"line":236,"column":23},"end":{"line":236,"column":45}},"78":{"start":{"line":237,"column":4},"end":{"line":239,"column":5}},"79":{"start":{"line":238,"column":6},"end":{"line":238,"column":59}},"80":{"start":{"line":242,"column":31},"end":{"line":242,"column":68}},"81":{"start":{"line":243,"column":4},"end":{"line":248,"column":5}},"82":{"start":{"line":244,"column":6},"end":{"line":246,"column":8}},"83":{"start":{"line":247,"column":6},"end":{"line":247,"column":13}},"84":{"start":{"line":250,"column":4},"end":{"line":250,"column":68}},"85":{"start":{"line":252,"column":4},"end":{"line":281,"column":5}},"86":{"start":{"line":254,"column":44},"end":{"line":254,"column":46}},"87":{"start":{"line":255,"column":6},"end":{"line":268,"column":7}},"88":{"start":{"line":256,"column":21},"end":{"line":264,"column":10}},"89":{"start":{"line":266,"column":26},"end":{"line":266,"column":43}},"90":{"start":{"line":267,"column":8},"end":{"line":267,"column":38}},"91":{"start":{"line":270,"column":6},"end":{"line":270,"column":67}},"92":{"start":{"line":271,"column":6},"end":{"line":275,"column":9}},"93":{"start":{"line":272,"column":8},"end":{"line":274,"column":10}},"94":{"start":{"line":277,"column":6},"end":{"line":277,"column":35}},"95":{"start":{"line":279,"column":6},"end":{"line":279,"column":44}},"96":{"start":{"line":280,"column":6},"end":{"line":280,"column":52}},"97":{"start":{"line":289,"column":4},"end":{"line":289,"column":26}},"98":{"start":{"line":297,"column":4},"end":{"line":303,"column":5}},"99":{"start":{"line":298,"column":20},"end":{"line":298,"column":57}},"100":{"start":{"line":299,"column":6},"end":{"line":299,"column":24}},"101":{"start":{"line":301,"column":6},"end":{"line":301,"column":44}},"102":{"start":{"line":302,"column":6},"end":{"line":302,"column":19}},"103":{"start":{"line":311,"column":4},"end":{"line":311,"column":42}},"104":{"start":{"line":313,"column":4},"end":{"line":315,"column":5}},"105":{"start":{"line":314,"column":6},"end":{"line":314,"column":38}},"106":{"start":{"line":317,"column":4},"end":{"line":326,"column":5}},"107":{"start":{"line":319,"column":27},"end":{"line":319,"column":62}},"108":{"start":{"line":320,"column":6},"end":{"line":320,"column":64}},"109":{"start":{"line":322,"column":6},"end":{"line":322,"column":34}},"110":{"start":{"line":324,"column":6},"end":{"line":324,"column":44}},"111":{"start":{"line":325,"column":6},"end":{"line":325,"column":52}},"112":{"start":{"line":334,"column":4},"end":{"line":334,"column":42}},"113":{"start":{"line":336,"column":4},"end":{"line":338,"column":5}},"114":{"start":{"line":337,"column":6},"end":{"line":337,"column":36}},"115":{"start":{"line":340,"column":4},"end":{"line":347,"column":5}},"116":{"start":{"line":341,"column":6},"end":{"line":341,"column":30}},"117":{"start":{"line":342,"column":6},"end":{"line":342,"column":30}},"118":{"start":{"line":343,"column":6},"end":{"line":343,"column":34}},"119":{"start":{"line":345,"column":6},"end":{"line":345,"column":42}},"120":{"start":{"line":346,"column":6},"end":{"line":346,"column":18}},"121":{"start":{"line":355,"column":4},"end":{"line":364,"column":5}},"122":{"start":{"line":356,"column":6},"end":{"line":360,"column":16}},"123":{"start":{"line":362,"column":6},"end":{"line":362,"column":44}},"124":{"start":{"line":363,"column":6},"end":{"line":363,"column":16}},"125":{"start":{"line":373,"column":4},"end":{"line":381,"column":5}},"126":{"start":{"line":374,"column":6},"end":{"line":377,"column":16}},"127":{"start":{"line":379,"column":6},"end":{"line":379,"column":55}},"128":{"start":{"line":380,"column":6},"end":{"line":380,"column":18}},"129":{"start":{"line":390,"column":4},"end":{"line":396,"column":5}},"130":{"start":{"line":391,"column":20},"end":{"line":391,"column":69}},"131":{"start":{"line":392,"column":6},"end":{"line":392,"column":23}},"132":{"start":{"line":394,"column":6},"end":{"line":394,"column":58}},"133":{"start":{"line":395,"column":6},"end":{"line":395,"column":19}},"134":{"start":{"line":23,"column":13},"end":{"line":23,"column":32}},"135":{"start":{"line":23,"column":13},"end":{"line":398,"column":null}}},"fnMap":{"0":{"name":"(anonymous_4)","decl":{"start":{"line":26,"column":2},"end":{"line":26,"column":null}},"loc":{"start":{"line":28,"column":66},"end":{"line":29,"column":6}}},"1":{"name":"(anonymous_5)","decl":{"start":{"line":34,"column":2},"end":{"line":34,"column":7}},"loc":{"start":{"line":34,"column":15},"end":{"line":45,"column":3}}},"2":{"name":"(anonymous_6)","decl":{"start":{"line":50,"column":2},"end":{"line":50,"column":7}},"loc":{"start":{"line":50,"column":17},"end":{"line":94,"column":3}}},"3":{"name":"(anonymous_7)","decl":{"start":{"line":71,"column":45},"end":{"line":71,"column":46}},"loc":{"start":{"line":71,"column":60},"end":{"line":76,"column":6}}},"4":{"name":"(anonymous_8)","decl":{"start":{"line":83,"column":28},"end":{"line":83,"column":29}},"loc":{"start":{"line":83,"column":44},"end":{"line":87,"column":7}}},"5":{"name":"(anonymous_9)","decl":{"start":{"line":100,"column":2},"end":{"line":100,"column":17}},"loc":{"start":{"line":100,"column":17},"end":{"line":102,"column":3}}},"6":{"name":"(anonymous_10)","decl":{"start":{"line":108,"column":2},"end":{"line":108,"column":7}},"loc":{"start":{"line":108,"column":26},"end":{"line":116,"column":3}}},"7":{"name":"(anonymous_11)","decl":{"start":{"line":122,"column":2},"end":{"line":122,"column":7}},"loc":{"start":{"line":122,"column":18},"end":{"line":139,"column":3}}},"8":{"name":"(anonymous_12)","decl":{"start":{"line":145,"column":2},"end":{"line":145,"column":7}},"loc":{"start":{"line":145,"column":25},"end":{"line":185,"column":3}}},"9":{"name":"(anonymous_13)","decl":{"start":{"line":157,"column":48},"end":{"line":157,"column":49}},"loc":{"start":{"line":157,"column":58},"end":{"line":157,"column":71}}},"10":{"name":"(anonymous_14)","decl":{"start":{"line":162,"column":34},"end":{"line":162,"column":35}},"loc":{"start":{"line":162,"column":45},"end":{"line":165,"column":10}}},"11":{"name":"(anonymous_15)","decl":{"start":{"line":172,"column":48},"end":{"line":172,"column":49}},"loc":{"start":{"line":172,"column":58},"end":{"line":172,"column":71}}},"12":{"name":"(anonymous_16)","decl":{"start":{"line":177,"column":34},"end":{"line":177,"column":35}},"loc":{"start":{"line":177,"column":45},"end":{"line":180,"column":10}}},"13":{"name":"(anonymous_17)","decl":{"start":{"line":191,"column":2},"end":{"line":191,"column":7}},"loc":{"start":{"line":191,"column":25},"end":{"line":198,"column":3}}},"14":{"name":"(anonymous_18)","decl":{"start":{"line":205,"column":2},"end":{"line":205,"column":7}},"loc":{"start":{"line":205,"column":36},"end":{"line":212,"column":3}}},"15":{"name":"(anonymous_19)","decl":{"start":{"line":219,"column":2},"end":{"line":219,"column":7}},"loc":{"start":{"line":219,"column":35},"end":{"line":227,"column":3}}},"16":{"name":"(anonymous_20)","decl":{"start":{"line":232,"column":2},"end":{"line":232,"column":7}},"loc":{"start":{"line":232,"column":17},"end":{"line":282,"column":3}}},"17":{"name":"(anonymous_21)","decl":{"start":{"line":271,"column":28},"end":{"line":271,"column":29}},"loc":{"start":{"line":271,"column":44},"end":{"line":275,"column":7}}},"18":{"name":"(anonymous_22)","decl":{"start":{"line":288,"column":2},"end":{"line":288,"column":17}},"loc":{"start":{"line":288,"column":17},"end":{"line":290,"column":3}}},"19":{"name":"(anonymous_23)","decl":{"start":{"line":296,"column":2},"end":{"line":296,"column":7}},"loc":{"start":{"line":296,"column":26},"end":{"line":304,"column":3}}},"20":{"name":"(anonymous_24)","decl":{"start":{"line":310,"column":2},"end":{"line":310,"column":7}},"loc":{"start":{"line":310,"column":18},"end":{"line":327,"column":3}}},"21":{"name":"(anonymous_25)","decl":{"start":{"line":333,"column":2},"end":{"line":333,"column":7}},"loc":{"start":{"line":333,"column":16},"end":{"line":348,"column":3}}},"22":{"name":"(anonymous_26)","decl":{"start":{"line":354,"column":2},"end":{"line":354,"column":7}},"loc":{"start":{"line":354,"column":25},"end":{"line":365,"column":3}}},"23":{"name":"(anonymous_27)","decl":{"start":{"line":372,"column":2},"end":{"line":372,"column":7}},"loc":{"start":{"line":372,"column":42},"end":{"line":382,"column":3}}},"24":{"name":"(anonymous_28)","decl":{"start":{"line":389,"column":2},"end":{"line":389,"column":7}},"loc":{"start":{"line":389,"column":35},"end":{"line":397,"column":3}}}},"branchMap":{"0":{"loc":{"start":{"line":55,"column":4},"end":{"line":57,"column":5}},"type":"if","locations":[{"start":{"line":55,"column":4},"end":{"line":57,"column":5}},{"start":{},"end":{}}]},"1":{"loc":{"start":{"line":61,"column":4},"end":{"line":66,"column":5}},"type":"if","locations":[{"start":{"line":61,"column":4},"end":{"line":66,"column":5}},{"start":{},"end":{}}]},"2":{"loc":{"start":{"line":125,"column":4},"end":{"line":127,"column":5}},"type":"if","locations":[{"start":{"line":125,"column":4},"end":{"line":127,"column":5}},{"start":{},"end":{}}]},"3":{"loc":{"start":{"line":237,"column":4},"end":{"line":239,"column":5}},"type":"if","locations":[{"start":{"line":237,"column":4},"end":{"line":239,"column":5}},{"start":{},"end":{}}]},"4":{"loc":{"start":{"line":243,"column":4},"end":{"line":248,"column":5}},"type":"if","locations":[{"start":{"line":243,"column":4},"end":{"line":248,"column":5}},{"start":{},"end":{}}]},"5":{"loc":{"start":{"line":313,"column":4},"end":{"line":315,"column":5}},"type":"if","locations":[{"start":{"line":313,"column":4},"end":{"line":315,"column":5}},{"start":{},"end":{}}]},"6":{"loc":{"start":{"line":336,"column":4},"end":{"line":338,"column":5}},"type":"if","locations":[{"start":{"line":336,"column":4},"end":{"line":338,"column":5}},{"start":{},"end":{}}]},"7":{"loc":{"start":{"line":27,"column":47},"end":{"line":27,"column":66}},"type":"cond-expr","locations":[{"start":{"line":27,"column":52},"end":{"line":27,"column":66}},{"start":{"line":27,"column":52},"end":{"line":27,"column":66}}]},"8":{"loc":{"start":{"line":27,"column":47},"end":{"line":27,"column":52}},"type":"binary-expr","locations":[{"start":{"line":27,"column":47},"end":{"line":27,"column":66}},{"start":{"line":27,"column":47},"end":{"line":27,"column":52}}]},"9":{"loc":{"start":{"line":27,"column":52},"end":{"line":28,"column":66}},"type":"cond-expr","locations":[{"start":{"line":28,"column":52},"end":{"line":28,"column":66}},{"start":{"line":28,"column":52},"end":{"line":28,"column":66}}]},"10":{"loc":{"start":{"line":27,"column":52},"end":{"line":28,"column":52}},"type":"binary-expr","locations":[{"start":{"line":27,"column":52},"end":{"line":28,"column":66}},{"start":{"line":28,"column":47},"end":{"line":28,"column":52}}]}},"s":{"0":0,"1":0,"2":0,"3":0,"4":0,"5":0,"6":0,"7":0,"8":0,"9":0,"10":0,"11":0,"12":0,"13":0,"14":0,"15":0,"16":0,"17":0,"18":0,"19":0,"20":0,"21":0,"22":0,"23":0,"24":0,"25":0,"26":0,"27":0,"28":0,"29":0,"30":0,"31":0,"32":0,"33":0,"34":0,"35":0,"36":0,"37":0,"38":0,"39":0,"40":0,"41":0,"42":0,"43":0,"44":0,"45":0,"46":0,"47":0,"48":0,"49":0,"50":0,"51":0,"52":0,"53":0,"54":0,"55":0,"56":0,"57":0,"58":0,"59":0,"60":0,"61":0,"62":0,"63":0,"64":0,"65":0,"66":0,"67":0,"68":0,"69":0,"70":0,"71":0,"72":0,"73":0,"74":0,"75":0,"76":0,"77":0,"78":0,"79":0,"80":0,"81":0,"82":0,"83":0,"84":0,"85":0,"86":0,"87":0,"88":0,"89":0,"90":0,"91":0,"92":0,"93":0,"94":0,"95":0,"96":0,"97":0,"98":0,"99":0,"100":0,"101":0,"102":0,"103":0,"104":0,"105":0,"106":0,"107":0,"108":0,"109":0,"110":0,"111":0,"112":0,"113":0,"114":0,"115":0,"116":0,"117":0,"118":0,"119":0,"120":0,"121":0,"122":0,"123":0,"124":0,"125":0,"126":0,"127":0,"128":0,"129":0,"130":0,"131":0,"132":0,"133":0,"134":0,"135":0},"f":{"0":0,"1":0,"2":0,"3":0,"4":0,"5":0,"6":0,"7":0,"8":0,"9":0,"10":0,"11":0,"12":0,"13":0,"14":0,"15":0,"16":0,"17":0,"18":0,"19":0,"20":0,"21":0,"22":0,"23":0,"24":0},"b":{"0":[0,0],"1":[0,0],"2":[0,0],"3":[0,0],"4":[0,0],"5":[0,0],"6":[0,0],"7":[0,0],"8":[0,0],"9":[0,0],"10":[0,0]}}
,"/Users/samchen/private/code/qoder/server/src/database/database.module.ts": {"path":"/Users/samchen/private/code/qoder/server/src/database/database.module.ts","statementMap":{"0":{"start":{"line":1,"column":0},"end":{"line":1,"column":40}},"1":{"start":{"line":2,"column":0},"end":{"line":2,"column":50}},"2":{"start":{"line":3,"column":0},"end":{"line":3,"column":62}},"3":{"start":{"line":4,"column":0},"end":{"line":4,"column":58}},"4":{"start":{"line":5,"column":0},"end":{"line":5,"column":65}},"5":{"start":{"line":22,"column":7},"end":{"line":22,"column":null}},"6":{"start":{"line":22,"column":13},"end":{"line":22,"column":27}},"7":{"start":{"line":22,"column":13},"end":{"line":22,"column":null}}},"fnMap":{},"branchMap":{},"s":{"0":0,"1":0,"2":0,"3":0,"4":0,"5":0,"6":0,"7":0},"f":{},"b":{}}
,"/Users/samchen/private/code/qoder/server/src/database/entities/role.entity.ts": {"path":"/Users/samchen/private/code/qoder/server/src/database/entities/role.entity.ts","statementMap":{"0":{"start":{"line":1,"column":0},"end":{"line":1,"column":63}},"1":{"start":{"line":3,"column":0},"end":{"line":3,"column":57}},"2":{"start":{"line":12,"column":7},"end":{"line":32,"column":null}},"3":{"start":{"line":12,"column":13},"end":{"line":12,"column":17}},"4":{"start":{"line":15,"column":2},"end":{"line":15,"column":null}},"5":{"start":{"line":19,"column":2},"end":{"line":19,"column":null}},"6":{"start":{"line":23,"column":2},"end":{"line":23,"column":null}},"7":{"start":{"line":27,"column":2},"end":{"line":27,"column":null}},"8":{"start":{"line":12,"column":13},"end":{"line":32,"column":null}},"9":{"start":{"line":34,"column":13},"end":{"line":34,"column":61}}},"fnMap":{},"branchMap":{"0":{"loc":{"start":{"line":15,"column":10},"end":{"line":15,"column":19}},"type":"cond-expr","locations":[{"start":{"line":15,"column":18},"end":{"line":15,"column":19}},{"start":{"line":15,"column":18},"end":{"line":15,"column":19}}]},"1":{"loc":{"start":{"line":15,"column":10},"end":{"line":15,"column":18}},"type":"binary-expr","locations":[{"start":{"line":15,"column":10},"end":{"line":15,"column":19}},{"start":{"line":15,"column":10},"end":{"line":15,"column":18}}]}},"s":{"0":0,"1":0,"2":0,"3":0,"4":0,"5":0,"6":0,"7":0,"8":0,"9":0},"f":{},"b":{"0":[0,0],"1":[0,0]}}
,"/Users/samchen/private/code/qoder/server/src/database/seeds/roles.seed.ts": {"path":"/Users/samchen/private/code/qoder/server/src/database/seeds/roles.seed.ts","statementMap":{"0":{"start":{"line":76,"column":0},"end":{"line":76,"column":16}},"1":{"start":{"line":88,"column":0},"end":{"line":88,"column":16}},"2":{"start":{"line":96,"column":0},"end":{"line":96,"column":16}},"3":{"start":{"line":1,"column":0},"end":{"line":1,"column":null}},"4":{"start":{"line":27,"column":13},"end":{"line":70,"column":2}},"5":{"start":{"line":77,"column":2},"end":{"line":80,"column":6}},"6":{"start":{"line":77,"column":39},"end":{"line":80,"column":4}},"7":{"start":{"line":89,"column":2},"end":{"line":89,"column":63}},"8":{"start":{"line":89,"column":39},"end":{"line":89,"column":61}},"9":{"start":{"line":101,"column":19},"end":{"line":102,"column":null}},"10":{"start":{"line":102,"column":15},"end":{"line":102,"column":40}},"11":{"start":{"line":104,"column":22},"end":{"line":104,"column":63}},"12":{"start":{"line":104,"column":51},"end":{"line":104,"column":62}},"13":{"start":{"line":105,"column":23},"end":{"line":106,"column":null}},"14":{"start":{"line":106,"column":16},"end":{"line":106,"column":45}},"15":{"start":{"line":109,"column":2},"end":{"line":115,"column":3}},"16":{"start":{"line":110,"column":4},"end":{"line":114,"column":6}},"17":{"start":{"line":117,"column":2},"end":{"line":122,"column":3}},"18":{"start":{"line":118,"column":4},"end":{"line":121,"column":6}},"19":{"start":{"line":124,"column":2},"end":{"line":127,"column":4}}},"fnMap":{"0":{"name":"getRoleSeedData","decl":{"start":{"line":76,"column":16},"end":{"line":76,"column":31}},"loc":{"start":{"line":76,"column":31},"end":{"line":81,"column":1}}},"1":{"name":"(anonymous_1)","decl":{"start":{"line":77,"column":28},"end":{"line":77,"column":29}},"loc":{"start":{"line":77,"column":39},"end":{"line":80,"column":4}}},"2":{"name":"getRoleSeedById","decl":{"start":{"line":88,"column":16},"end":{"line":88,"column":31}},"loc":{"start":{"line":88,"column":48},"end":{"line":90,"column":1}}},"3":{"name":"(anonymous_3)","decl":{"start":{"line":89,"column":29},"end":{"line":89,"column":30}},"loc":{"start":{"line":89,"column":39},"end":{"line":89,"column":61}}},"4":{"name":"validateRoleSeedData","decl":{"start":{"line":96,"column":16},"end":{"line":96,"column":36}},"loc":{"start":{"line":96,"column":36},"end":{"line":128,"column":1}}},"5":{"name":"(anonymous_5)","decl":{"start":{"line":102,"column":4},"end":{"line":102,"column":5}},"loc":{"start":{"line":102,"column":15},"end":{"line":102,"column":40}}},"6":{"name":"(anonymous_6)","decl":{"start":{"line":104,"column":41},"end":{"line":104,"column":42}},"loc":{"start":{"line":104,"column":51},"end":{"line":104,"column":62}}},"7":{"name":"(anonymous_7)","decl":{"start":{"line":106,"column":4},"end":{"line":106,"column":5}},"loc":{"start":{"line":106,"column":16},"end":{"line":106,"column":45}}}},"branchMap":{"0":{"loc":{"start":{"line":109,"column":2},"end":{"line":115,"column":3}},"type":"if","locations":[{"start":{"line":109,"column":2},"end":{"line":115,"column":3}},{"start":{},"end":{}}]},"1":{"loc":{"start":{"line":117,"column":2},"end":{"line":122,"column":3}},"type":"if","locations":[{"start":{"line":117,"column":2},"end":{"line":122,"column":3}},{"start":{},"end":{}}]}},"s":{"0":0,"1":0,"2":0,"3":0,"4":0,"5":0,"6":0,"7":0,"8":0,"9":0,"10":0,"11":0,"12":0,"13":0,"14":0,"15":0,"16":0,"17":0,"18":0,"19":0},"f":{"0":0,"1":0,"2":0,"3":0,"4":0,"5":0,"6":0,"7":0},"b":{"0":[0,0],"1":[0,0]}}
,"/Users/samchen/private/code/qoder/server/src/database/seeds/users.seed.ts": {"path":"/Users/samchen/private/code/qoder/server/src/database/seeds/users.seed.ts","statementMap":{"0":{"start":{"line":57,"column":0},"end":{"line":57,"column":16}},"1":{"start":{"line":69,"column":0},"end":{"line":69,"column":16}},"2":{"start":{"line":79,"column":0},"end":{"line":79,"column":16}},"3":{"start":{"line":1,"column":0},"end":{"line":1,"column":57}},"4":{"start":{"line":32,"column":13},"end":{"line":51,"column":2}},"5":{"start":{"line":58,"column":2},"end":{"line":61,"column":6}},"6":{"start":{"line":58,"column":39},"end":{"line":61,"column":4}},"7":{"start":{"line":72,"column":2},"end":{"line":72,"column":67}},"8":{"start":{"line":72,"column":39},"end":{"line":72,"column":65}},"9":{"start":{"line":84,"column":33},"end":{"line":84,"column":35}},"10":{"start":{"line":86,"column":2},"end":{"line":124,"column":3}},"11":{"start":{"line":88,"column":4},"end":{"line":96,"column":5}},"12":{"start":{"line":95,"column":6},"end":{"line":95,"column":62}},"13":{"start":{"line":99,"column":4},"end":{"line":101,"column":5}},"14":{"start":{"line":100,"column":6},"end":{"line":100,"column":55}},"15":{"start":{"line":104,"column":4},"end":{"line":106,"column":5}},"16":{"start":{"line":105,"column":6},"end":{"line":105,"column":54}},"17":{"start":{"line":109,"column":23},"end":{"line":109,"column":51}},"18":{"start":{"line":110,"column":4},"end":{"line":112,"column":5}},"19":{"start":{"line":111,"column":6},"end":{"line":111,"column":53}},"20":{"start":{"line":115,"column":23},"end":{"line":115,"column":38}},"21":{"start":{"line":116,"column":4},"end":{"line":118,"column":5}},"22":{"start":{"line":117,"column":6},"end":{"line":117,"column":54}},"23":{"start":{"line":121,"column":4},"end":{"line":123,"column":5}},"24":{"start":{"line":122,"column":6},"end":{"line":122,"column":58}},"25":{"start":{"line":126,"column":2},"end":{"line":132,"column":3}},"26":{"start":{"line":127,"column":4},"end":{"line":131,"column":6}},"27":{"start":{"line":134,"column":2},"end":{"line":137,"column":4}}},"fnMap":{"0":{"name":"getUserSeedData","decl":{"start":{"line":57,"column":16},"end":{"line":57,"column":31}},"loc":{"start":{"line":57,"column":31},"end":{"line":62,"column":1}}},"1":{"name":"(anonymous_1)","decl":{"start":{"line":58,"column":28},"end":{"line":58,"column":29}},"loc":{"start":{"line":58,"column":39},"end":{"line":61,"column":4}}},"2":{"name":"getUserSeedByUsername","decl":{"start":{"line":69,"column":16},"end":{"line":69,"column":37}},"loc":{"start":{"line":70,"column":18},"end":{"line":73,"column":1}}},"3":{"name":"(anonymous_3)","decl":{"start":{"line":72,"column":29},"end":{"line":72,"column":30}},"loc":{"start":{"line":72,"column":39},"end":{"line":72,"column":65}}},"4":{"name":"validateUserSeedData","decl":{"start":{"line":79,"column":16},"end":{"line":79,"column":36}},"loc":{"start":{"line":79,"column":36},"end":{"line":138,"column":1}}}},"branchMap":{"0":{"loc":{"start":{"line":88,"column":4},"end":{"line":96,"column":5}},"type":"if","locations":[{"start":{"line":88,"column":4},"end":{"line":96,"column":5}},{"start":{},"end":{}}]},"1":{"loc":{"start":{"line":89,"column":6},"end":{"line":93,"column":17}},"type":"binary-expr","locations":[{"start":{"line":89,"column":6},"end":{"line":89,"column":16}},{"start":{"line":90,"column":6},"end":{"line":90,"column":20}},{"start":{"line":91,"column":6},"end":{"line":91,"column":20}},{"start":{"line":92,"column":6},"end":{"line":92,"column":17}},{"start":{"line":93,"column":6},"end":{"line":93,"column":17}}]},"2":{"loc":{"start":{"line":95,"column":27},"end":{"line":95,"column":50}},"type":"binary-expr","locations":[{"start":{"line":95,"column":27},"end":{"line":95,"column":40}},{"start":{"line":95,"column":44},"end":{"line":95,"column":50}}]},"3":{"loc":{"start":{"line":99,"column":4},"end":{"line":101,"column":5}},"type":"if","locations":[{"start":{"line":99,"column":4},"end":{"line":101,"column":5}},{"start":{},"end":{}}]},"4":{"loc":{"start":{"line":99,"column":8},"end":{"line":99,"column":49}},"type":"binary-expr","locations":[{"start":{"line":99,"column":8},"end":{"line":99,"column":21}},{"start":{"line":99,"column":25},"end":{"line":99,"column":49}}]},"5":{"loc":{"start":{"line":104,"column":4},"end":{"line":106,"column":5}},"type":"if","locations":[{"start":{"line":104,"column":4},"end":{"line":106,"column":5}},{"start":{},"end":{}}]},"6":{"loc":{"start":{"line":104,"column":8},"end":{"line":104,"column":49}},"type":"binary-expr","locations":[{"start":{"line":104,"column":8},"end":{"line":104,"column":21}},{"start":{"line":104,"column":25},"end":{"line":104,"column":49}}]},"7":{"loc":{"start":{"line":110,"column":4},"end":{"line":112,"column":5}},"type":"if","locations":[{"start":{"line":110,"column":4},"end":{"line":112,"column":5}},{"start":{},"end":{}}]},"8":{"loc":{"start":{"line":110,"column":8},"end":{"line":110,"column":50}},"type":"binary-expr","locations":[{"start":{"line":110,"column":8},"end":{"line":110,"column":18}},{"start":{"line":110,"column":22},"end":{"line":110,"column":50}}]},"9":{"loc":{"start":{"line":116,"column":4},"end":{"line":118,"column":5}},"type":"if","locations":[{"start":{"line":116,"column":4},"end":{"line":118,"column":5}},{"start":{},"end":{}}]},"10":{"loc":{"start":{"line":116,"column":8},"end":{"line":116,"column":50}},"type":"binary-expr","locations":[{"start":{"line":116,"column":8},"end":{"line":116,"column":18}},{"start":{"line":116,"column":22},"end":{"line":116,"column":50}}]},"11":{"loc":{"start":{"line":121,"column":4},"end":{"line":123,"column":5}},"type":"if","locations":[{"start":{"line":121,"column":4},"end":{"line":123,"column":5}},{"start":{},"end":{}}]},"12":{"loc":{"start":{"line":121,"column":8},"end":{"line":121,"column":46}},"type":"binary-expr","locations":[{"start":{"line":121,"column":8},"end":{"line":121,"column":19}},{"start":{"line":121,"column":23},"end":{"line":121,"column":46}}]},"13":{"loc":{"start":{"line":126,"column":2},"end":{"line":132,"column":3}},"type":"if","locations":[{"start":{"line":126,"column":2},"end":{"line":132,"column":3}},{"start":{},"end":{}}]}},"s":{"0":0,"1":0,"2":0,"3":0,"4":0,"5":0,"6":0,"7":0,"8":0,"9":0,"10":0,"11":0,"12":0,"13":0,"14":0,"15":0,"16":0,"17":0,"18":0,"19":0,"20":0,"21":0,"22":0,"23":0,"24":0,"25":0,"26":0,"27":0},"f":{"0":0,"1":0,"2":0,"3":0,"4":0},"b":{"0":[0,0],"1":[0,0,0,0,0],"2":[0,0],"3":[0,0],"4":[0,0],"5":[0,0],"6":[0,0],"7":[0,0],"8":[0,0],"9":[0,0],"10":[0,0],"11":[0,0],"12":[0,0],"13":[0,0]}}
,"/Users/samchen/private/code/qoder/server/src/logger/index.ts": {"path":"/Users/samchen/private/code/qoder/server/src/logger/index.ts","statementMap":{"0":{"start":{"line":1,"column":0},"end":{"line":1,"column":33}},"1":{"start":{"line":2,"column":0},"end":{"line":2,"column":32}},"2":{"start":{"line":3,"column":0},"end":{"line":3,"column":38}}},"fnMap":{},"branchMap":{},"s":{"0":0,"1":0,"2":0},"f":{},"b":{}}
,"/Users/samchen/private/code/qoder/server/src/logger/logger.module.ts": {"path":"/Users/samchen/private/code/qoder/server/src/logger/logger.module.ts","statementMap":{"0":{"start":{"line":1,"column":0},"end":{"line":1,"column":40}},"1":{"start":{"line":2,"column":0},"end":{"line":2,"column":49}},"2":{"start":{"line":3,"column":0},"end":{"line":3,"column":59}},"3":{"start":{"line":9,"column":7},"end":{"line":9,"column":null}},"4":{"start":{"line":9,"column":13},"end":{"line":9,"column":25}},"5":{"start":{"line":9,"column":13},"end":{"line":9,"column":null}}},"fnMap":{},"branchMap":{},"s":{"0":0,"1":0,"2":0,"3":0,"4":0,"5":0},"f":{},"b":{}}
,"/Users/samchen/private/code/qoder/server/src/logger/logger.service.ts": {"path":"/Users/samchen/private/code/qoder/server/src/logger/logger.service.ts","statementMap":{"0":{"start":{"line":1,"column":0},"end":{"line":1,"column":52}},"1":{"start":{"line":4,"column":7},"end":{"line":88,"column":null}},"2":{"start":{"line":20,"column":20},"end":{"line":32,"column":6}},"3":{"start":{"line":34,"column":4},"end":{"line":37,"column":6}},"4":{"start":{"line":55,"column":20},"end":{"line":61,"column":6}},"5":{"start":{"line":63,"column":4},"end":{"line":66,"column":6}},"6":{"start":{"line":75,"column":22},"end":{"line":80,"column":6}},"7":{"start":{"line":82,"column":4},"end":{"line":86,"column":6}},"8":{"start":{"line":4,"column":13},"end":{"line":4,"column":26}},"9":{"start":{"line":4,"column":13},"end":{"line":88,"column":null}}},"fnMap":{"0":{"name":"(anonymous_1)","decl":{"start":{"line":13,"column":2},"end":{"line":13,"column":15}},"loc":{"start":{"line":18,"column":20},"end":{"line":38,"column":3}}},"1":{"name":"(anonymous_2)","decl":{"start":{"line":48,"column":2},"end":{"line":48,"column":16}},"loc":{"start":{"line":53,"column":20},"end":{"line":67,"column":3}}},"2":{"name":"(anonymous_3)","decl":{"start":{"line":74,"column":2},"end":{"line":74,"column":10}},"loc":{"start":{"line":74,"column":39},"end":{"line":87,"column":3}}}},"branchMap":{"0":{"loc":{"start":{"line":24,"column":10},"end":{"line":27,"column":75}},"type":"binary-expr","locations":[{"start":{"line":24,"column":10},"end":{"line":24,"column":16}},{"start":{"line":25,"column":8},"end":{"line":25,"column":34}},{"start":{"line":26,"column":8},"end":{"line":26,"column":23}},{"start":{"line":27,"column":8},"end":{"line":27,"column":61}},{"start":{"line":27,"column":65},"end":{"line":27,"column":75}}]},"1":{"loc":{"start":{"line":28,"column":10},"end":{"line":31,"column":71}},"type":"binary-expr","locations":[{"start":{"line":28,"column":10},"end":{"line":28,"column":14}},{"start":{"line":29,"column":8},"end":{"line":29,"column":32}},{"start":{"line":30,"column":8},"end":{"line":30,"column":21}},{"start":{"line":31,"column":8},"end":{"line":31,"column":59}},{"start":{"line":31,"column":63},"end":{"line":31,"column":71}}]},"2":{"loc":{"start":{"line":36,"column":6},"end":{"line":36,"column":29}},"type":"binary-expr","locations":[{"start":{"line":36,"column":6},"end":{"line":36,"column":13}},{"start":{"line":36,"column":17},"end":{"line":36,"column":29}}]},"3":{"loc":{"start":{"line":60,"column":10},"end":{"line":60,"column":63}},"type":"binary-expr","locations":[{"start":{"line":60,"column":10},"end":{"line":60,"column":22}},{"start":{"line":60,"column":26},"end":{"line":60,"column":63}}]},"4":{"loc":{"start":{"line":65,"column":6},"end":{"line":65,"column":30}},"type":"binary-expr","locations":[{"start":{"line":65,"column":6},"end":{"line":65,"column":13}},{"start":{"line":65,"column":17},"end":{"line":65,"column":30}}]},"5":{"loc":{"start":{"line":79,"column":10},"end":{"line":79,"column":50}},"type":"binary-expr","locations":[{"start":{"line":79,"column":10},"end":{"line":79,"column":22}},{"start":{"line":79,"column":26},"end":{"line":79,"column":50}}]},"6":{"loc":{"start":{"line":85,"column":6},"end":{"line":85,"column":24}},"type":"binary-expr","locations":[{"start":{"line":85,"column":6},"end":{"line":85,"column":13}},{"start":{"line":85,"column":17},"end":{"line":85,"column":24}}]}},"s":{"0":2,"1":2,"2":0,"3":0,"4":0,"5":0,"6":0,"7":0,"8":2,"9":2},"f":{"0":0,"1":0,"2":0},"b":{"0":[0,0,0,0,0],"1":[0,0,0,0,0],"2":[0,0],"3":[0,0],"4":[0,0],"5":[0,0],"6":[0,0]}}
,"/Users/samchen/private/code/qoder/server/src/logger/logging.interceptor.ts": {"path":"/Users/samchen/private/code/qoder/server/src/logger/logging.interceptor.ts","statementMap":{"0":{"start":{"line":1,"column":0},"end":{"line":1,"column":null}},"1":{"start":{"line":8,"column":0},"end":{"line":8,"column":37}},"2":{"start":{"line":9,"column":0},"end":{"line":9,"column":49}},"3":{"start":{"line":12,"column":7},"end":{"line":73,"column":null}},"4":{"start":{"line":13,"column":31},"end":{"line":13,"column":46}},"5":{"start":{"line":16,"column":22},"end":{"line":16,"column":32}},"6":{"start":{"line":17,"column":20},"end":{"line":17,"column":55}},"7":{"start":{"line":18,"column":21},"end":{"line":18,"column":57}},"8":{"start":{"line":20,"column":49},"end":{"line":20,"column":56}},"9":{"start":{"line":21,"column":27},"end":{"line":21,"column":50}},"10":{"start":{"line":22,"column":24},"end":{"line":22,"column":49}},"11":{"start":{"line":25,"column":22},"end":{"line":25,"column":45}},"12":{"start":{"line":28,"column":23},"end":{"line":28,"column":39}},"13":{"start":{"line":29,"column":23},"end":{"line":29,"column":36}},"14":{"start":{"line":32,"column":4},"end":{"line":38,"column":6}},"15":{"start":{"line":40,"column":4},"end":{"line":71,"column":6}},"16":{"start":{"line":43,"column":31},"end":{"line":43,"column":53}},"17":{"start":{"line":45,"column":10},"end":{"line":51,"column":12}},"18":{"start":{"line":54,"column":31},"end":{"line":54,"column":53}},"19":{"start":{"line":56,"column":10},"end":{"line":59,"column":12}},"20":{"start":{"line":60,"column":10},"end":{"line":68,"column":12}},"21":{"start":{"line":12,"column":13},"end":{"line":12,"column":31}},"22":{"start":{"line":12,"column":13},"end":{"line":73,"column":null}}},"fnMap":{"0":{"name":"(anonymous_2)","decl":{"start":{"line":13,"column":2},"end":{"line":13,"column":31}},"loc":{"start":{"line":13,"column":59},"end":{"line":13,"column":63}}},"1":{"name":"(anonymous_3)","decl":{"start":{"line":15,"column":2},"end":{"line":15,"column":11}},"loc":{"start":{"line":15,"column":56},"end":{"line":72,"column":3}}},"2":{"name":"(anonymous_4)","decl":{"start":{"line":42,"column":14},"end":{"line":42,"column":17}},"loc":{"start":{"line":42,"column":19},"end":{"line":52,"column":9}}},"3":{"name":"(anonymous_5)","decl":{"start":{"line":53,"column":15},"end":{"line":53,"column":16}},"loc":{"start":{"line":53,"column":25},"end":{"line":69,"column":9}}}},"branchMap":{"0":{"loc":{"start":{"line":63,"column":12},"end":{"line":65,"column":19}},"type":"cond-expr","locations":[{"start":{"line":64,"column":16},"end":{"line":64,"column":28}},{"start":{"line":65,"column":16},"end":{"line":65,"column":19}}]},"1":{"loc":{"start":{"line":63,"column":12},"end":{"line":63,"column":68}},"type":"binary-expr","locations":[{"start":{"line":63,"column":12},"end":{"line":63,"column":32}},{"start":{"line":63,"column":36},"end":{"line":63,"column":68}}]},"2":{"loc":{"start":{"line":13,"column":46},"end":{"line":13,"column":62}},"type":"cond-expr","locations":[{"start":{"line":13,"column":59},"end":{"line":13,"column":62}},{"start":{"line":13,"column":59},"end":{"line":13,"column":62}}]},"3":{"loc":{"start":{"line":13,"column":46},"end":{"line":13,"column":59}},"type":"binary-expr","locations":[{"start":{"line":13,"column":46},"end":{"line":13,"column":62}},{"start":{"line":13,"column":46},"end":{"line":13,"column":59}}]}},"s":{"0":0,"1":0,"2":0,"3":0,"4":0,"5":0,"6":0,"7":0,"8":0,"9":0,"10":0,"11":0,"12":0,"13":0,"14":0,"15":0,"16":0,"17":0,"18":0,"19":0,"20":0,"21":0,"22":0},"f":{"0":0,"1":0,"2":0,"3":0},"b":{"0":[0,0],"1":[0,0],"2":[0,0],"3":[0,0]}}
,"/Users/samchen/private/code/qoder/server/src/scripts/seed.ts": {"path":"/Users/samchen/private/code/qoder/server/src/scripts/seed.ts","statementMap":{"0":{"start":{"line":8,"column":0},"end":{"line":8,"column":43}},"1":{"start":{"line":9,"column":0},"end":{"line":9,"column":40}},"2":{"start":{"line":10,"column":0},"end":{"line":10,"column":42}},"3":{"start":{"line":11,"column":0},"end":{"line":11,"column":72}},"4":{"start":{"line":14,"column":17},"end":{"line":14,"column":43}},"5":{"start":{"line":16,"column":2},"end":{"line":100,"column":3}},"6":{"start":{"line":17,"column":4},"end":{"line":17,"column":34}},"7":{"start":{"line":20,"column":16},"end":{"line":20,"column":69}},"8":{"start":{"line":23,"column":24},"end":{"line":23,"column":52}},"9":{"start":{"line":26,"column":17},"end":{"line":26,"column":38}},"10":{"start":{"line":27,"column":20},"end":{"line":27,"column":37}},"11":{"start":{"line":29,"column":4},"end":{"line":92,"column":5}},"12":{"start":{"line":31,"column":8},"end":{"line":31,"column":36}},"13":{"start":{"line":32,"column":8},"end":{"line":32,"column":14}},"14":{"start":{"line":35,"column":8},"end":{"line":35,"column":37}},"15":{"start":{"line":36,"column":8},"end":{"line":36,"column":36}},"16":{"start":{"line":37,"column":8},"end":{"line":37,"column":14}},"17":{"start":{"line":40,"column":35},"end":{"line":40,"column":73}},"18":{"start":{"line":41,"column":35},"end":{"line":41,"column":73}},"19":{"start":{"line":42,"column":26},"end":{"line":42,"column":63}},"20":{"start":{"line":43,"column":29},"end":{"line":43,"column":58}},"21":{"start":{"line":44,"column":24},"end":{"line":44,"column":61}},"22":{"start":{"line":46,"column":8},"end":{"line":46,"column":36}},"23":{"start":{"line":47,"column":8},"end":{"line":47,"column":66}},"24":{"start":{"line":48,"column":8},"end":{"line":48,"column":66}},"25":{"start":{"line":49,"column":8},"end":{"line":49,"column":55}},"26":{"start":{"line":50,"column":8},"end":{"line":50,"column":49}},"27":{"start":{"line":51,"column":8},"end":{"line":51,"column":58}},"28":{"start":{"line":52,"column":8},"end":{"line":52,"column":54}},"29":{"start":{"line":53,"column":8},"end":{"line":53,"column":54}},"30":{"start":{"line":55,"column":8},"end":{"line":62,"column":9}},"31":{"start":{"line":56,"column":10},"end":{"line":56,"column":33}},"32":{"start":{"line":57,"column":10},"end":{"line":59,"column":13}},"33":{"start":{"line":58,"column":12},"end":{"line":58,"column":60}},"34":{"start":{"line":61,"column":10},"end":{"line":61,"column":35}},"35":{"start":{"line":64,"column":8},"end":{"line":71,"column":9}},"36":{"start":{"line":65,"column":10},"end":{"line":65,"column":33}},"37":{"start":{"line":66,"column":10},"end":{"line":68,"column":13}},"38":{"start":{"line":67,"column":12},"end":{"line":67,"column":78}},"39":{"start":{"line":70,"column":10},"end":{"line":70,"column":35}},"40":{"start":{"line":73,"column":8},"end":{"line":73,"column":33}},"41":{"start":{"line":74,"column":8},"end":{"line":76,"column":11}},"42":{"start":{"line":75,"column":10},"end":{"line":75,"column":54}},"43":{"start":{"line":78,"column":8},"end":{"line":78,"column":33}},"44":{"start":{"line":79,"column":8},"end":{"line":81,"column":11}},"45":{"start":{"line":80,"column":10},"end":{"line":80,"column":76}},"46":{"start":{"line":82,"column":8},"end":{"line":82,"column":14}},"47":{"start":{"line":86,"column":8},"end":{"line":86,"column":41}},"48":{"start":{"line":87,"column":8},"end":{"line":87,"column":28}},"49":{"start":{"line":88,"column":8},"end":{"line":88,"column":41}},"50":{"start":{"line":89,"column":8},"end":{"line":89,"column":44}},"51":{"start":{"line":90,"column":8},"end":{"line":90,"column":40}},"52":{"start":{"line":91,"column":8},"end":{"line":91,"column":24}},"53":{"start":{"line":94,"column":4},"end":{"line":94,"column":22}},"54":{"start":{"line":95,"column":4},"end":{"line":95,"column":30}},"55":{"start":{"line":96,"column":4},"end":{"line":96,"column":20}},"56":{"start":{"line":98,"column":4},"end":{"line":98,"column":40}},"57":{"start":{"line":99,"column":4},"end":{"line":99,"column":20}},"58":{"start":{"line":104,"column":0},"end":{"line":104,"column":17}}},"fnMap":{"0":{"name":"bootstrap","decl":{"start":{"line":13,"column":15},"end":{"line":13,"column":24}},"loc":{"start":{"line":13,"column":24},"end":{"line":101,"column":1}}},"1":{"name":"(anonymous_1)","decl":{"start":{"line":57,"column":36},"end":{"line":57,"column":37}},"loc":{"start":{"line":57,"column":45},"end":{"line":59,"column":11}}},"2":{"name":"(anonymous_2)","decl":{"start":{"line":66,"column":26},"end":{"line":66,"column":27}},"loc":{"start":{"line":66,"column":35},"end":{"line":68,"column":11}}},"3":{"name":"(anonymous_3)","decl":{"start":{"line":74,"column":32},"end":{"line":74,"column":33}},"loc":{"start":{"line":74,"column":41},"end":{"line":76,"column":9}}},"4":{"name":"(anonymous_4)","decl":{"start":{"line":79,"column":29},"end":{"line":79,"column":30}},"loc":{"start":{"line":79,"column":38},"end":{"line":81,"column":9}}}},"branchMap":{"0":{"loc":{"start":{"line":27,"column":20},"end":{"line":27,"column":37}},"type":"binary-expr","locations":[{"start":{"line":27,"column":20},"end":{"line":27,"column":27}},{"start":{"line":27,"column":31},"end":{"line":27,"column":37}}]},"1":{"loc":{"start":{"line":29,"column":4},"end":{"line":92,"column":5}},"type":"switch","locations":[{"start":{"line":30,"column":6},"end":{"line":32,"column":14}},{"start":{"line":34,"column":6},"end":{"line":37,"column":14}},{"start":{"line":39,"column":6},"end":{"line":83,"column":7}},{"start":{"line":85,"column":6},"end":{"line":91,"column":24}}]},"2":{"loc":{"start":{"line":47,"column":32},"end":{"line":47,"column":62}},"type":"cond-expr","locations":[{"start":{"line":47,"column":53},"end":{"line":47,"column":56}},{"start":{"line":47,"column":59},"end":{"line":47,"column":62}}]},"3":{"loc":{"start":{"line":48,"column":32},"end":{"line":48,"column":62}},"type":"cond-expr","locations":[{"start":{"line":48,"column":53},"end":{"line":48,"column":56}},{"start":{"line":48,"column":59},"end":{"line":48,"column":62}}]},"4":{"loc":{"start":{"line":55,"column":8},"end":{"line":62,"column":9}},"type":"if","locations":[{"start":{"line":55,"column":8},"end":{"line":62,"column":9}},{"start":{"line":60,"column":15},"end":{"line":62,"column":9}}]},"5":{"loc":{"start":{"line":64,"column":8},"end":{"line":71,"column":9}},"type":"if","locations":[{"start":{"line":64,"column":8},"end":{"line":71,"column":9}},{"start":{"line":69,"column":15},"end":{"line":71,"column":9}}]}},"s":{"0":0,"1":0,"2":0,"3":0,"4":0,"5":0,"6":0,"7":0,"8":0,"9":0,"10":0,"11":0,"12":0,"13":0,"14":0,"15":0,"16":0,"17":0,"18":0,"19":0,"20":0,"21":0,"22":0,"23":0,"24":0,"25":0,"26":0,"27":0,"28":0,"29":0,"30":0,"31":0,"32":0,"33":0,"34":0,"35":0,"36":0,"37":0,"38":0,"39":0,"40":0,"41":0,"42":0,"43":0,"44":0,"45":0,"46":0,"47":0,"48":0,"49":0,"50":0,"51":0,"52":0,"53":0,"54":0,"55":0,"56":0,"57":0,"58":0},"f":{"0":0,"1":0,"2":0,"3":0,"4":0},"b":{"0":[0,0],"1":[0,0,0,0],"2":[0,0],"3":[0,0],"4":[0,0],"5":[0,0]}}
,"/Users/samchen/private/code/qoder/server/src/users/users.controller.ts": {"path":"/Users/samchen/private/code/qoder/server/src/users/users.controller.ts","statementMap":{"0":{"start":{"line":1,"column":0},"end":{"line":1,"column":null}},"1":{"start":{"line":13,"column":0},"end":{"line":13,"column":47}},"2":{"start":{"line":14,"column":0},"end":{"line":14,"column":54}},"3":{"start":{"line":15,"column":0},"end":{"line":15,"column":54}},"4":{"start":{"line":17,"column":0},"end":{"line":17,"column":57}},"5":{"start":{"line":18,"column":0},"end":{"line":18,"column":61}},"6":{"start":{"line":22,"column":7},"end":{"line":152,"column":null}},"7":{"start":{"line":24,"column":21},"end":{"line":24,"column":35}},"8":{"start":{"line":25,"column":21},"end":{"line":25,"column":29}},"9":{"start":{"line":31,"column":4},"end":{"line":34,"column":6}},"10":{"start":{"line":36,"column":19},"end":{"line":36,"column":64}},"11":{"start":{"line":38,"column":4},"end":{"line":41,"column":6}},"12":{"start":{"line":43,"column":4},"end":{"line":43,"column":18}},"13":{"start":{"line":48,"column":4},"end":{"line":48,"column":69}},"14":{"start":{"line":50,"column":19},"end":{"line":50,"column":52}},"15":{"start":{"line":52,"column":4},"end":{"line":52,"column":79}},"16":{"start":{"line":54,"column":4},"end":{"line":54,"column":18}},"17":{"start":{"line":59,"column":4},"end":{"line":59,"column":79}},"18":{"start":{"line":61,"column":19},"end":{"line":61,"column":54}},"19":{"start":{"line":63,"column":4},"end":{"line":66,"column":6}},"20":{"start":{"line":68,"column":4},"end":{"line":68,"column":18}},"21":{"start":{"line":76,"column":4},"end":{"line":76,"column":78}},"22":{"start":{"line":78,"column":19},"end":{"line":78,"column":68}},"23":{"start":{"line":80,"column":4},"end":{"line":83,"column":6}},"24":{"start":{"line":85,"column":4},"end":{"line":85,"column":18}},"25":{"start":{"line":91,"column":4},"end":{"line":91,"column":78}},"26":{"start":{"line":93,"column":4},"end":{"line":93,"column":39}},"27":{"start":{"line":95,"column":4},"end":{"line":98,"column":6}},"28":{"start":{"line":105,"column":4},"end":{"line":108,"column":6}},"29":{"start":{"line":110,"column":19},"end":{"line":110,"column":61}},"30":{"start":{"line":112,"column":4},"end":{"line":122,"column":5}},"31":{"start":{"line":113,"column":6},"end":{"line":116,"column":8}},"32":{"start":{"line":118,"column":6},"end":{"line":121,"column":8}},"33":{"start":{"line":124,"column":4},"end":{"line":124,"column":18}},"34":{"start":{"line":131,"column":4},"end":{"line":134,"column":6}},"35":{"start":{"line":136,"column":19},"end":{"line":136,"column":67}},"36":{"start":{"line":138,"column":4},"end":{"line":148,"column":5}},"37":{"start":{"line":139,"column":6},"end":{"line":142,"column":8}},"38":{"start":{"line":144,"column":6},"end":{"line":147,"column":8}},"39":{"start":{"line":150,"column":4},"end":{"line":150,"column":18}},"40":{"start":{"line":22,"column":13},"end":{"line":22,"column":28}},"41":{"start":{"line":30,"column":8},"end":{"line":44,"column":null}},"42":{"start":{"line":47,"column":8},"end":{"line":55,"column":null}},"43":{"start":{"line":58,"column":8},"end":{"line":69,"column":null}},"44":{"start":{"line":72,"column":8},"end":{"line":86,"column":null}},"45":{"start":{"line":90,"column":8},"end":{"line":99,"column":null}},"46":{"start":{"line":102,"column":8},"end":{"line":125,"column":null}},"47":{"start":{"line":128,"column":8},"end":{"line":151,"column":null}},"48":{"start":{"line":22,"column":13},"end":{"line":152,"column":null}}},"fnMap":{"0":{"name":"(anonymous_4)","decl":{"start":{"line":23,"column":2},"end":{"line":23,"column":null}},"loc":{"start":{"line":25,"column":42},"end":{"line":26,"column":6}}},"1":{"name":"(anonymous_5)","decl":{"start":{"line":30,"column":8},"end":{"line":30,"column":14}},"loc":{"start":{"line":30,"column":51},"end":{"line":44,"column":3}}},"2":{"name":"(anonymous_6)","decl":{"start":{"line":47,"column":8},"end":{"line":47,"column":15}},"loc":{"start":{"line":47,"column":15},"end":{"line":55,"column":3}}},"3":{"name":"(anonymous_7)","decl":{"start":{"line":58,"column":8},"end":{"line":58,"column":15}},"loc":{"start":{"line":58,"column":39},"end":{"line":69,"column":3}}},"4":{"name":"(anonymous_8)","decl":{"start":{"line":72,"column":8},"end":{"line":72,"column":14}},"loc":{"start":{"line":74,"column":40},"end":{"line":86,"column":3}}},"5":{"name":"(anonymous_9)","decl":{"start":{"line":90,"column":8},"end":{"line":90,"column":14}},"loc":{"start":{"line":90,"column":38},"end":{"line":99,"column":3}}},"6":{"name":"(anonymous_10)","decl":{"start":{"line":102,"column":8},"end":{"line":102,"column":19}},"loc":{"start":{"line":103,"column":33},"end":{"line":125,"column":3}}},"7":{"name":"(anonymous_11)","decl":{"start":{"line":128,"column":8},"end":{"line":128,"column":22}},"loc":{"start":{"line":129,"column":39},"end":{"line":151,"column":3}}}},"branchMap":{"0":{"loc":{"start":{"line":112,"column":4},"end":{"line":122,"column":5}},"type":"if","locations":[{"start":{"line":112,"column":4},"end":{"line":122,"column":5}},{"start":{"line":117,"column":11},"end":{"line":122,"column":5}}]},"1":{"loc":{"start":{"line":138,"column":4},"end":{"line":148,"column":5}},"type":"if","locations":[{"start":{"line":138,"column":4},"end":{"line":148,"column":5}},{"start":{"line":143,"column":11},"end":{"line":148,"column":5}}]},"2":{"loc":{"start":{"line":30,"column":38},"end":{"line":30,"column":54}},"type":"cond-expr","locations":[{"start":{"line":30,"column":51},"end":{"line":30,"column":54}},{"start":{"line":30
[...]
l}},"type":"cond-expr","locations":[{"start":{"line":30,"column":61},"end":{"line":30,"column":null}},{"start":{"line":30,"column":61},"end":{"line":30,"column":null}}]},"5":{"loc":{"start":{"line":30,"column":54},"end":{"line":30,"column":61}},"type":"binary-expr","locations":[{"start":{"line":30,"column":54},"end":{"line":30,"column":null}},{"start":{"line":30,"column":54},"end":{"line":30,"column":61}}]},"6":{"loc":{"start":{"line":47,"column":19},"end":{"line":47,"column":null}},"type":"cond-expr","locations":[{"start":{"line":47,"column":26},"end":{"line":47,"column":null}},{"start":{"line":47,"column":26},"end":{"line":47,"column":null}}]},"7":{"loc":{"start":{"line":47,"column":19},"end":{"line":47,"column":26}},"type":"binary-expr","locations":[{"start":{"line":47,"column":19},"end":{"line":47,"column":null}},{"start":{"line":47,"column":19},"end":{"line":47,"column":26}}]},"8":{"loc":{"start":{"line":58,"column":42},"end":{"line":58,"column":null}},"type":"cond-expr","locations":[{"start":{"line":58,"column":49},"end":{"line":58,"column":null}},{"start":{"line":58,"column":49},"end":{"line":58,"column":null}}]},"9":{"loc":{"start":{"line":58,"column":42},"end":{"line":58,"column":49}},"type":"binary-expr","locations":[{"start":{"line":58,"column":42},"end":{"line":58,"column":null}},{"start":{"line":58,"column":42},"end":{"line":58,"column":49}}]},"10":{"loc":{"start":{"line":74,"column":27},"end":{"line":74,"column":null}},"type":"cond-expr","locations":[{"start":{"line":74,"column":40},"end":{"line":74,"column":null}},{"start":{"line":74,"column":40},"end":{"line":74,"column":null}}]},"11":{"loc":{"start":{"line":74,"column":27},"end":{"line":74,"column":40}},"type":"binary-expr","locations":[{"start":{"line":74,"column":27},"end":{"line":74,"column":null}},{"start":{"line":74,"column":27},"end":{"line":74,"column":40}}]},"12":{"loc":{"start":{"line":75,"column":5},"end":{"line":75,"column":null}},"type":"cond-expr","locations":[{"start":{"line":75,"column":12},"end":{"line":75,"column":null}},{"start":{"line":75,"column":12},"end":{"line":75,"column":null}}]},"13":{"loc":{"start":{"line":75,"column":5},"end":{"line":75,"column":12}},"type":"binary-expr","locations":[{"start":{"line":75,"column":5},"end":{"line":75,"column":null}},{"start":{"line":75,"column":5},"end":{"line":75,"column":12}}]},"14":{"loc":{"start":{"line":90,"column":41},"end":{"line":90,"column":null}},"type":"cond-expr","locations":[{"start":{"line":90,"column":48},"end":{"line":90,"column":null}},{"start":{"line":90,"column":48},"end":{"line":90,"column":null}}]},"15":{"loc":{"start":{"line":90,"column":41},"end":{"line":90,"column":48}},"type":"binary-expr","locations":[{"start":{"line":90,"column":41},"end":{"line":90,"column":null}},{"start":{"line":90,"column":41},"end":{"line":90,"column":48}}]},"16":{"loc":{"start":{"line":104,"column":5},"end":{"line":104,"column":null}},"type":"cond-expr","locations":[{"start":{"line":104,"column":12},"end":{"line":104,"column":null}},{"start":{"line":104,"column":12},"end":{"line":104,"column":null}}]},"17":{"loc":{"start":{"line":104,"column":5},"end":{"line":104,"column":12}},"type":"binary-expr","locations":[{"start":{"line":104,"column":5},"end":{"line":104,"column":null}},{"start":{"line":104,"column":5},"end":{"line":104,"column":12}}]},"18":{"loc":{"start":{"line":130,"column":5},"end":{"line":130,"column":null}},"type":"cond-expr","locations":[{"start":{"line":130,"column":12},"end":{"line":130,"column":null}},{"start":{"line":130,"column":12},"end":{"line":130,"column":null}}]},"19":{"loc":{"start":{"line":130,"column":5},"end":{"line":130,"column":12}},"type":"binary-expr","locations":[{"start":{"line":130,"column":5},"end":{"line":130,"column":null}},{"start":{"line":130,"column":5},"end":{"line":130,"column":12}}]},"20":{"loc":{"start":{"line":24,"column":35},"end":{"line":24,"column":null}},"type":"cond-expr","locations":[{"start":{"line":24,"column":47},"end":{"line":24,"column":null}},{"start":{"line":24,"column":47},"end":{"line":24,"column":null}}]},"21":{"loc":{"start":{"line":24,"column":35},"end":{"line":24,"column":47}},"type":"binary-expr","locations":[{"start":{"line":24,"column":35},"end":{"line":24,"column":null}},{"start":{"line":24,"column":35},"end":{"line":24,"column":47}}]},"22":{"loc":{"start":{"line":24,"column":47},"end":{"line":25,"column":null}},"type":"cond-expr","locations":[{"start":{"line":25,"column":42},"end":{"line":25,"column":null}},{"start":{"line":25,"column":42},"end":{"line":25,"column":null}}]},"23":{"loc":{"start":{"line":24,"column":47},"end":{"line":25,"column":42}},"type":"binary-expr","locations":[{"start":{"line":24,"column":47},"end":{"line":25,"column":null}},{"start":{"line":25,"column":29},"end":{"line":25,"column":42}}]}},"s":{"0":1,"1":1,"2":1,"3":1,"4":1,"5":1,"6":1,"7":11,"8":11,"9":1,"10":1,"11":1,"12":1,"13":1,"14":1,"15":1,"16":1,"17":2,"18":2,"19":1,"20":1,"21":1,"22":1,"23":1,"24":1,"25":1,"26":1,"27":1,"28":2,"29":2,"30":2,"31":1,"32":1,"33":2,"34":2,"35":2,"36":2,"37":1,"38":1,"39":2,"40":1,"41":1,"42":1,"43":1,"44":1,"45":1,"46":1,"47":1,"48":1},"f":{"0":11,"1":1,"2":1,"3":2,"4":1,"5":1,"6":2,"7":2},"b":{"0":[1,1],"1":[1,1],"2":[1,0],"3":[1,1],"4":[1,0],"5":[1,1],"6":[1,0],"7":[1,1],"8":[1,0],"9":[1,1],"10":[1,0],"11":[1,1],"12":[1,0],"13":[1,1],"14":[1,0],"15":[1,1],"16":[1,0],"17":[1,1],"18":[1,0],"19":[1,1],"20":[1,0],"21":[1,1],"22":[1,0],"23":[1,1]}}
,"/Users/samchen/private/code/qoder/server/src/users/users.module.ts": {"path":"/Users/samchen/private/code/qoder/server/src/users/users.module.ts","statementMap":{"0":{"start":{"line":1,"column":0},"end":{"line":1,"column":40}},"1":{"start":{"line":2,"column":0},"end":{"line":2,"column":50}},"2":{"start":{"line":3,"column":0},"end":{"line":3,"column":47}},"3":{"start":{"line":4,"column":0},"end":{"line":4,"column":53}},"4":{"start":{"line":5,"column":0},"end":{"line":5,"column":58}},"5":{"start":{"line":6,"column":0},"end":{"line":6,"column":55}},"6":{"start":{"line":17,"column":7},"end":{"line":17,"column":null}},"7":{"start":{"line":17,"column":13},"end":{"line":17,"column":24}},"8":{"start":{"line":17,"column":13},"end":{"line":17,"column":null}}},"fnMap":{},"branchMap":{},"s":{"0":0,"1":0,"2":0,"3":0,"4":0,"5":0,"6":0,"7":0,"8":0},"f":{},"b":{}}
,"/Users/samchen/private/code/qoder/server/src/users/users.service.ts": {"path":"/Users/samchen/private/code/qoder/server/src/users/users.service.ts","statementMap":{"0":{"start":{"line":1,"column":0},"end":{"line":1,"column":63}},"1":{"start":{"line":2,"column":0},"end":{"line":2,"column":47}},"2":{"start":{"line":3,"column":0},"end":{"line":3,"column":33}},"3":{"start":{"line":6,"column":0},"end":{"line":6,"column":58}},"4":{"start":{"line":7,"column":0},"end":{"line":7,"column":60}},"5":{"start":{"line":8,"column":0},"end":{"line":8,"column":33}},"6":{"start":{"line":11,"column":7},"end":{"line":86,"column":null}},"7":{"start":{"line":12,"column":46},"end":{"line":12,"column":57}},"8":{"start":{"line":15,"column":24},"end":{"line":15,"column":57}},"9":{"start":{"line":16,"column":22},"end":{"line":16,"column":46}},"10":{"start":{"line":17,"column":4},"end":{"line":17,"column":42}},"11":{"start":{"line":21,"column":18},"end":{"line":21,"column":52}},"12":{"start":{"line":22,"column":4},"end":{"line":22,"column":58}},"13":{"start":{"line":22,"column":31},"end":{"line":22,"column":56}},"14":{"start":{"line":26,"column":17},"end":{"line":26,"column":57}},"15":{"start":{"line":27,"column":4},"end":{"line":29,"column":5}},"16":{"start":{"line":28,"column":6},"end":{"line":28,"column":66}},"17":{"start":{"line":30,"column":4},"end":{"line":30,"column":37}},"18":{"start":{"line":38,"column":4},"end":{"line":40,"column":5}},"19":{"start":{"line":39,"column":6},"end":{"line":39,"column":77}},"20":{"start":{"line":42,"column":24},"end":{"line":44,"column":13}},"21":{"start":{"line":46,"column":4},"end":{"line":48,"column":5}},"22":{"start":{"line":47,"column":6},"end":{"line":47,"column":66}},"23":{"start":{"line":50,"column":4},"end":{"line":50,"column":44}},"24":{"start":{"line":54,"column":19},"end":{"line":54,"column":68}},"25":{"start":{"line":55,"column":4},"end":{"line":57,"column":5}},"26":{"start":{"line":56,"column":6},"end":{"line":56,"column":66}},"27":{"start":{"line":61,"column":17},"end":{"line":61,"column":63}},"28":{"start":{"line":62,"column":4},"end":{"line":62,"column":51}},"29":{"start":{"line":66,"column":17},"end":{"line":66,"column":66}},"30":{"start":{"line":67,"column":4},"end":{"line":67,"column":51}},"31":{"start":{"line":72,"column":4},"end":{"line":72,"column":55}},"32":{"start":{"line":80,"column":17},"end":{"line":80,"column":59}},"33":{"start":{"line":81,"column":4},"end":{"line":83,"column":5}},"34":{"start":{"line":82,"column":6},"end":{"line":82,"column":39}},"35":{"start":{"line":84,"column":4},"end":{"line":84,"column":16}},"36":{"start":{"line":11,"column":13},"end":{"line":11,"column":25}},"37":{"start":{"line":11,"column":13},"end":{"line":86,"column":null}}},"fnMap":{"0":{"name":"(anonymous_13)","decl":{"start":{"line":12,"column":2},"end":{"line":12,"column":15}},"loc":{"start":{"line":12,"column":76},"end":{"line":12,"column":80}}},"1":{"name":"(anonymous_14)","decl":{"start":{"line":14,"column":2},"end":{"line":14,"column":7}},"loc":{"start":{"line":14,"column":43},"end":{"line":18,"column":3}}},"2":{"name":"(anonymous_15)","decl":{"start":{"line":20,"column":2},"end":{"line":20,"column":7}},"loc":{"start":{"line":20,"column":15},"end":{"line":23,"column":3}}},"3":{"name":"(anonymous_16)","decl":{"start":{"line":22,"column":21},"end":{"line":22,"column":22}},"loc":{"start":{"line":22,"column":31},"end":{"line":22,"column":56}}},"4":{"name":"(anonymous_17)","decl":{"start":{"line":25,"column":2},"end":{"line":25,"column":7}},"loc":{"start":{"line":25,"column":26},"end":{"line":31,"column":3}}},"5":{"name":"(anonymous_18)","decl":{"start":{"line":33,"column":2},"end":{"line":33,"column":7}},"loc":{"start":{"line":35,"column":32},"end":{"line":51,"column":3}}},"6":{"name":"(anonymous_19)","decl":{"start":{"line":53,"column":2},"end":{"line":53,"column":7}},"loc":{"start":{"line":53,"column":25},"end":{"line":58,"column":3}}},"7":{"name":"(anonymous_20)","decl":{"start":{"line":60,"column":2},"end":{"line":60,"column":7}},"loc":{"start":{"line":60,"column":33},"end":{"line":63,"column":3}}},"8":{"name":"(anonymous_21)","decl":{"start":{"line":65,"column":2},"end":{"line":65,"column":7}},"loc":{"start":{"line":65,"column":39},"end":{"line":68,"column":3}}},"9":{"name":"(anonymous_22)","decl":{"start":{"line":71,"column":2},"end":{"line":71,"column":7}},"loc":{"start":{"line":71,"column":46},"end":{"line":73,"column":3}}},"10":{"name":"(anonymous_23)","decl":{"start":{"line":76,"column":2},"end":{"line":76,"column":7}},"loc":{"start":{"line":78,"column":20},"end":{"line":85,"column":3}}}},"branchMap":{"0":{"loc":{"start":{"line":27,"column":4},"end":{"line":29,"column":5}},"type":"if","locations":[{"start":{"line":27,"column":4},"end":{"line":29,"column":5}},{"start":{},"end":{}}]},"1":{"loc":{"start":{"line":38,"column":4},"end":{"line":40,"column":5}},"type":"if","locations":[{"start":{"line":38,"column":4},"end":{"line":40,"column":5}},{"start":{},"end":{}}]},"2":{"loc":{"start":{"line":46,"column":4},"end":{"line":48,"column":5}},"type":"if","locations":[{"start":{"line":46,"column":4},"end":{"line":48,"column":5}},{"start":{},"end":{}}]},"3":{"loc":{"start":{"line":55,"column":4},"end":{"line":57,"column":5}},"type":"if","locations":[{"start":{"line":55,"column":4},"end":{"line":57,"column":5}},{"start":{},"end":{}}]},"4":{"loc":{"start":{"line":62,"column":11},"end":{"line":62,"column":50}},"type":"cond-expr","locations":[{"start":{"line":62,"column":18},"end":{"line":62,"column":43}},{"start":{"line":62,"column":46},"end":{"line":62,"column":50}}]},"5":{"loc":{"start":{"line":67,"column":11},"end":{"line":67,"column":50}},"type":"cond-expr","locations":[{"start":{"line":67,"column":18},"end":{"line":67,"column":43}},{"start":{"line":67,"column":46},"end":{"line":67,"column":50}}]},"6":{"loc":{"start":{"line":81,"column":4},"end":{"line":83,"column":5}},"type":"if","locations":[{"start":{"line":81,"column":4},"end":{"line":83,"column":5}},{"start":{},"end":{}}]},"7":{"loc":{"start":{"line":81,"column":8},"end":{"line":81,"column":54}},"type":"binary-expr","locations":[{"start":{"line":81,"column":8},"end":{"line":81,"column":12}},{"start":{"line":81,"column":17},"end":{"line":81,"column":53}}]},"8":{"loc":{"start":{"line":12,"column":57},"end":{"line":12,"column":76}},"type":"cond-expr","locations":[{"start":{"line":12,"column":62},"end":{"line":12,"column":76}},{"start":{"line":12,"column":62},"end":{"line":12,"column":76}}]},"9":{"loc":{"start":{"line":12,"column":57},"end":{"line":12,"column":62}},"type":"binary-expr","locations":[{"start":{"line":12,"column":57},"end":{"line":12,"column":76}},{"start":{"line":12,"column":57},"end":{"line":12,"column":62}}]}},"s":{"0":4,"1":4,"2":4,"3":4,"4":4,"5":4,"6":4,"7":20,"8":1,"9":1,"10":1,"11":1,"12":1,"13":1,"14":2,"15":2,"16":1,"17":1,"18":4,"19":1,"20":4,"21":4,"22":1,"23":3,"24":2,"25":2,"26":1,"27":2,"28":2,"29":2,"30":2,"31":5,"32":3,"33":3,"34":1,"35":2,"36":4,"37":4},"f":{"0":20,"1":1,"2":1,"3":1,"4":2,"5":4,"6":2,"7":2,"8":2,"9":5,"10":3},"b":{"0":[1,1],"1":[1,3],"2":[1,3],"3":[1,1],"4":[1,1],"5":[1,1],"6":[1,2],"7":[3,2],"8":[4,0],"9":[4,4]}}
,"/Users/samchen/private/code/qoder/server/src/users/dto/create-user.dto.ts": {"path":"/Users/samchen/private/code/qoder/server/src/users/dto/create-user.dto.ts","statementMap":{"0":{"start":{"line":1,"column":0},"end":{"line":1,"column":null}},"1":{"start":{"line":11,"column":0},"end":{"line":11,"column":57}},"2":{"start":{"line":13,"column":0},"end":{"line":13,"column":13}},"3":{"start":{"line":16,"column":2},"end":{"line":16,"column":null}},"4":{"start":{"line":21,"column":2},"end":{"line":21,"column":null}},"5":{"start":{"line":26,"column":2},"end":{"line":26,"column":null}},"6":{"start":{"line":30,"column":2},"end":{"line":30,"column":null}},"7":{"start":{"line":37,"column":2},"end":{"line":37,"column":null}},"8":{"start":{"line":41,"column":2},"end":{"line":41,"column":null}},"9":{"start":{"line":49,"column":2},"end":{"line":49,"column":null}}},"fnMap":{},"branchMap":{},"s":{"0":1,"1":1,"2":1,"3":1,"4":1,"5":1,"6":1,"7":1,"8":1,"9":1},"f":{},"b":{}}
,"/Users/samchen/private/code/qoder/server/src/users/dto/role.dto.ts": {"path":"/Users/samchen/private/code/qoder/server/src/users/dto/role.dto.ts","statementMap":{"0":{"start":{"line":1,"column":0},"end":{"line":1,"column":70}},"1":{"start":{"line":14,"column":4},"end":{"line":14,"column":25}},"2":{"start":{"line":15,"column":4},"end":{"line":15,"column":36}},"3":{"start":{"line":6,"column":0},"end":{"line":6,"column":13}}},"fnMap":{"0":{"name":"(anonymous_0)","decl":{"start":{"line":13,"column":2},"end":{"line":13,"column":14}},"loc":{"start":{"line":13,"column":30},"end":{"line":16,"column":3}}}},"branchMap":{},"s":{"0":4,"1":27,"2":27,"3":4},"f":{"0":27},"b":{}}
,"/Users/samchen/private/code/qoder/server/src/users/dto/update-user.dto.ts": {"path":"/Users/samchen/private/code/qoder/server/src/users/dto/update-user.dto.ts","statementMap":{"0":{"start":{"line":1,"column":0},"end":{"line":1,"column":51}},"1":{"start":{"line":2,"column":0},"end":{"line":2,"column":50}},"2":{"start":{"line":4,"column":0},"end":{"line":4,"column":13}}},"fnMap":{},"branchMap":{},"s":{"0":1,"1":1,"2":1},"f":{},"b":{}}
,"/Users/samchen/private/code/qoder/server/src/users/dto/user-response.dto.ts": {"path":"/Users/samchen/private/code/qoder/server/src/users/dto/user-response.dto.ts","statementMap":{"0":{"start":{"line":2,"column":0},"end":{"line":2,"column":37}},"1":{"start":{"line":16,"column":4},"end":{"line":16,"column":31}},"2":{"start":{"line":17,"column":4},"end":{"line":17,"column":26}},"3":{"start":{"line":18,"column":4},"end":{"line":18,"column":34}},"4":{"start":{"line":19,"column":4},"end":{"line":19,"column":28}},"5":{"start":{"line":20,"column":4},"end":{"line":20,"column":28}},"6":{"start":{"line":21,"column":4},"end":{"line":21,"column":40}},"7":{"start":{"line":22,"column":4},"end":{"line":22,"column":65}},"8":{"start":{"line":22,"column":44},"end":{"line":22,"column":63}},"9":{"start":{"line":23,"column":4},"end":{"line":23,"column":37}},"10":{"start":{"line":24,"column":4},"end":{"line":24,"column":37}},"11":{"start":{"line":4,"column":0},"end":{"line":4,"column":13}}},"fnMap":{"0":{"name":"(anonymous_0)","decl":{"start":{"line":15,"column":2},"end":{"line":15,"column":14}},"loc":{"start":{"line":15,"column":32},"end":{"line":25,"column":3}}},"1":{"name":"(anonymous_1)","decl":{"start":{"line":22,"column":32},"end":{"line":22,"column":33}},"loc":{"start":{"line":22,"column":44},"end":{"line":22,"column":63}}}},"branchMap":{},"s":{"0":4,"1":12,"2":12,"3":12,"4":12,"5":12,"6":12,"7":12,"8":15,"9":12,"10":12,"11":4},"f":{"0":12,"1":15},"b":{}}
,"/Users/samchen/private/code/qoder/server/src/users/entities/user.entity.ts": {"path":"/Users/samchen/private/code/qoder/server/src/users/entities/user.entity.ts","statementMap":{"0":{"start":{"line":1,"column":0},"end":{"line":1,"column":63}},"1":{"start":{"line":3,"column":0},"end":{"line":3,"column":57}},"2":{"start":{"line":4,"column":0},"end":{"line":4,"column":33}},"3":{"start":{"line":12,"column":7},"end":{"line":37,"column":null}},"4":{"start":{"line":12,"column":13},"end":{"line":12,"column":17}},"5":{"start":{"line":14,"column":2},"end":{"line":14,"column":null}},"6":{"start":{"line":17,"column":2},"end":{"line":17,"column":null}},"7":{"start":{"line":20,"column":2},"end":{"line":20,"column":null}},"8":{"start":{"line":23,"column":2},"end":{"line":23,"column":null}},"9":{"start":{"line":26,"column":2},"end":{"line":26,"column":null}},"10":{"start":{"line":29,"column":2},"end":{"line":29,"column":null}},"11":{"start":{"line":32,"column":2},"end":{"line":32,"column":null}},"12":{"start":{"line":12,"column":13},"end":{"line":37,"column":null}},"13":{"start":{"line":39,"column":13},"end":{"line":39,"column":61}},"14":{"start":{"line":42,"column":0},"end":{"line":57,"column":3}},"15":{"start":{"line":44,"column":2},"end":{"line":44,"column":50}},"16":{"start":{"line":44,"column":36},"end":{"line":44,"column":50}},"17":{"start":{"line":46,"column":2},"end":{"line":56,"column":3}},"18":{"start":{"line":48,"column":27},"end":{"line":48,"column":63}},"19":{"start":{"line":49,"column":4},"end":{"line":49,"column":35}},"20":{"start":{"line":50,"column":4},"end":{"line":50,"column":11}},"21":{"start":{"line":54,"column":6},"end":{"line":54,"column":63}},"22":{"start":{"line":55,"column":4},"end":{"line":55,"column":24}},"23":{"start":{"line":60,"column":0},"end":{"line":66,"column":2}},"24":{"start":{"line":64,"column":23},"end":{"line":64,"column":46}},"25":{"start":{"line":65,"column":2},"end":{"line":65,"column":57}}},"fnMap":{"0":{"name":"(anonymous_11)","decl":{"start":{"line":42,"column":23},"end":{"line":42,"column":28}},"loc":{"start":{"line":42,"column":43},"end":{"line":57,"column":1}}},"1":{"name":"(anonymous_12)","decl":{"start":{"line":60,"column":37},"end":{"line":60,"column":42}},"loc":{"start":{"line":61,"column":27},"end":{"line":66,"column":1}}}},"branchMap":{"0":{"loc":{"start":{"line":44,"column":2},"end":{"line":44,"column":50}},"type":"if","locations":[{"start":{"line":44,"column":2},"end":{"line":44,"column":50}},{"start":{},"end":{}}]},"1":{"loc":{"start":{"line":54,"column":6},"end":{"line":54,"column":63}},"type":"cond-expr","locations":[{"start":{"line":54,"column":31},"end":{"line":54,"column":36}},{"start":{"line":54,"column":39},"end":{"line":54,"column":63}}]}},"s":{"0":4,"1":4,"2":4,"3":4,"4":4,"5":4,"6":4,"7":4,"8":4,"9":4,"10":4,"11":4,"12":4,"13":4,"14":4,"15":0,"16":0,"17":0,"18":0,"19":0,"20":0,"21":0,"22":0,"23":4,"24":0,"25":0},"f":{"0":0,"1":0},"b":{"0":[0,0],"1":[0,0]}}
}
