TN:
SF:src/app.controller.ts
FN:8,(anonymous_2)
FN:15,(anonymous_3)
FNF:2
FNH:2
FNDA:1,(anonymous_2)
FNDA:1,(anonymous_3)
DA:1,1
DA:2,1
DA:3,1
DA:4,1
DA:7,1
DA:9,1
DA:10,1
DA:15,1
DA:16,1
DA:17,1
LF:10
LH:10
BRDA:9,0,0,1
BRDA:9,0,1,0
BRDA:9,1,0,1
BRDA:9,1,1,1
BRDA:9,2,0,1
BRDA:9,2,1,0
BRDA:9,3,0,1
BRDA:9,3,1,1
BRF:8
BRH:6
end_of_record
TN:
SF:src/app.module.ts
FNF:0
FNH:0
DA:1,0
DA:2,0
DA:3,0
DA:4,0
DA:5,0
DA:6,0
DA:7,0
DA:14,0
LF:8
LH:0
BRF:0
BRH:0
end_of_record
TN:
SF:src/app.service.ts
FN:5,(anonymous_1)
FNF:1
FNH:1
FNDA:1,(anonymous_1)
DA:1,1
DA:4,1
DA:6,1
LF:3
LH:3
BRF:0
BRH:0
end_of_record
TN:
SF:src/main.ts
FN:6,bootstrap
FN:25,(anonymous_1)
FNF:2
FNH:0
FNDA:0,bootstrap
FNDA:0,(anonymous_1)
DA:1,0
DA:2,0
DA:3,0
DA:4,0
DA:7,0
DA:12,0
DA:15,0
DA:18,0
DA:20,0
DA:21,0
DA:23,0
DA:25,0
DA:26,0
DA:27,0
LF:14
LH:0
BRDA:20,0,0,0
BRDA:20,0,1,0
BRF:2
BRH:0
end_of_record
TN:
SF:src/auth/auth.controller.ts
FN:25,(anonymous_4)
FN:34,(anonymous_5)
FN:83,(anonymous_6)
FN:136,(anonymous_7)
FNF:4
FNH:4
FNDA:7,(anonymous_4)
FNDA:5,(anonymous_5)
FNDA:2,(anonymous_6)
FNDA:1,(anonymous_7)
DA:1,1
DA:12,1
DA:13,1
DA:15,1
DA:22,1
DA:23,7
DA:25,7
DA:34,1
DA:35,5
DA:43,5
DA:45,5
DA:46,5
DA:48,1
DA:49,1
DA:57,1
DA:59,4
DA:60,4
DA:61,4
DA:72,4
DA:83,1
DA:84,2
DA:90,2
DA:92,2
DA:94,2
DA:95,2
DA:103,2
DA:113,0
DA:114,0
DA:115,0
DA:126,0
DA:136,1
DA:137,1
DA:143,1
DA:144,1
DA:146,1
DA:154,1
LF:36
LH:32
BRDA:63,0,0,4
BRDA:63,0,1,0
BRDA:117,1,0,0
BRDA:117,1,1,0
BRDA:34,2,0,1
BRDA:34,2,1,0
BRDA:34,3,0,1
BRDA:34,3,1,1
BRDA:34,4,0,1
BRDA:34,4,1,0
BRDA:34,5,0,1
BRDA:34,5,1,1
BRDA:25,6,0,1
BRDA:25,6,1,0
BRDA:25,7,0,1
BRDA:25,7,1,1
BRF:16
BRH:10
end_of_record
TN:
SF:src/auth/auth.module.ts
FNF:0
FNH:0
DA:1,0
DA:2,0
DA:3,0
DA:4,0
DA:5,0
DA:6,0
DA:7,0
DA:24,0
LF:8
LH:0
BRDA:14,0,0,0
BRDA:14,0,1,0
BRDA:16,1,0,0
BRDA:16,1,1,0
BRF:4
BRH:0
end_of_record
TN:
SF:src/auth/auth.service.ts
FN:17,(anonymous_2)
FN:27,(anonymous_3)
FN:63,(anonymous_4)
FN:99,(anonymous_5)
FN:113,(anonymous_6)
FNF:5
FNH:5
FNDA:12,(anonymous_2)
FNDA:7,(anonymous_3)
FNDA:11,(anonymous_4)
FNDA:3,(anonymous_5)
FNDA:1,(anonymous_6)
DA:1,2
DA:2,2
DA:3,2
DA:5,2
DA:6,2
DA:14,2
DA:15,12
DA:18,12
DA:19,12
DA:28,7
DA:31,7
DA:32,7
DA:33,4
DA:34,4
DA:38,3
DA:39,2
DA:40,2
DA:44,1
DA:49,1
DA:50,1
DA:52,1
DA:54,1
DA:64,11
DA:65,11
DA:66,11
DA:67,10
DA:68,3
DA:69,3
DA:72,7
DA:75,7
DA:78,7
DA:79,7
DA:81,7
DA:82,3
DA:83,3
DA:86,4
DA:87,4
DA:89,1
DA:90,1
DA:100,3
DA:101,3
DA:103,2
DA:104,2
DA:114,1
DA:119,1
LF:45
LH:45
BRDA:32,0,0,4
BRDA:32,0,1,3
BRDA:38,1,0,2
BRDA:38,1,1,1
BRDA:67,2,0,3
BRDA:67,2,1,7
BRDA:81,3,0,3
BRDA:81,3,1,4
BRDA:18,4,0,2
BRDA:18,4,1,0
BRDA:18,5,0,2
BRDA:18,5,1,2
BRDA:18,6,0,2
BRDA:18,6,1,0
BRDA:18,7,0,2
BRDA:18,7,1,2
BRF:16
BRH:14
end_of_record
TN:
SF:src/auth/dto/login-response.dto.ts
FN:19,(anonymous_0)
FNF:1
FNH:1
FNDA:1,(anonymous_0)
DA:6,2
DA:24,1
DA:25,1
DA:26,1
DA:27,1
LF:5
LH:5
BRDA:22,0,0,1
BRF:1
BRH:1
end_of_record
TN:
SF:src/auth/dto/login.dto.ts
FNF:0
FNH:0
DA:1,1
DA:6,1
DA:10,1
DA:16,1
LF:4
LH:4
BRF:0
BRH:0
end_of_record
TN:
SF:src/auth/guards/jwt-auth.guard.ts
FNF:0
FNH:0
DA:1,3
DA:2,3
DA:9,3
LF:3
LH:3
BRF:0
BRH:0
end_of_record
TN:
SF:src/auth/strategies/jwt.strategy.ts
FN:25,(anonymous_2)
FN:41,(anonymous_3)
FNF:2
FNH:0
FNDA:0,(anonymous_2)
FNDA:0,(anonymous_3)
DA:1,0
DA:2,0
DA:3,0
DA:4,0
DA:24,0
DA:25,0
DA:26,0
DA:42,0
DA:43,0
DA:44,0
DA:47,0
DA:48,0
DA:51,0
LF:13
LH:0
BRDA:32,0,0,0
BRDA:32,0,1,0
BRDA:43,1,0,0
BRDA:43,1,1,0
BRDA:47,2,0,0
BRDA:47,2,1,0
BRDA:25,3,0,0
BRDA:25,3,1,0
BRDA:25,4,0,0
BRDA:25,4,1,0
BRF:10
BRH:0
end_of_record
TN:
SF:src/cli/seed-roles.ts
FN:17,seedRoles
FNF:1
FNH:0
FNDA:0,seedRoles
DA:3,0
DA:4,0
DA:5,0
DA:6,0
DA:18,0
DA:20,0
DA:21,0
DA:24,0
DA:27,0
DA:30,0
DA:33,0
DA:34,0
DA:35,0
DA:36,0
DA:38,0
DA:39,0
DA:40,0
DA:43,0
DA:44,0
DA:45,0
DA:47,0
DA:48,0
DA:49,0
DA:54,0
DA:55,0
DA:58,0
LF:26
LH:0
BRDA:54,0,0,0
BRDA:54,0,1,0
BRF:2
BRH:0
end_of_record
TN:
SF:src/common/enums/roles.enum.ts
FN:5,(anonymous_0)
FN:42,getRoleName
FN:50,getAllRoles
FN:52,(anonymous_3)
FNF:4
FNH:2
FNDA:4,(anonymous_0)
FNDA:27,getRoleName
FNDA:0,getAllRoles
FNDA:0,(anonymous_3)
DA:5,4
DA:7,4
DA:10,4
DA:13,4
DA:16,4
DA:19,4
DA:22,4
DA:28,4
DA:42,4
DA:43,27
DA:50,4
DA:51,0
DA:52,0
LF:13
LH:11
BRDA:5,0,0,4
BRDA:5,0,1,4
BRDA:43,1,0,27
BRDA:43,1,1,0
BRF:4
BRH:3
end_of_record
TN:
SF:src/database/database-seed.service.ts
FN:26,(anonymous_4)
FN:34,(anonymous_5)
FN:50,(anonymous_6)
FN:71,(anonymous_7)
FN:83,(anonymous_8)
FN:100,(anonymous_9)
FN:108,(anonymous_10)
FN:122,(anonymous_11)
FN:145,(anonymous_12)
FN:157,(anonymous_13)
FN:162,(anonymous_14)
FN:172,(anonymous_15)
FN:177,(anonymous_16)
FN:191,(anonymous_17)
FN:205,(anonymous_18)
FN:219,(anonymous_19)
FN:232,(anonymous_20)
FN:271,(anonymous_21)
FN:288,(anonymous_22)
FN:296,(anonymous_23)
FN:310,(anonymous_24)
FN:333,(anonymous_25)
FN:354,(anonymous_26)
FN:372,(anonymous_27)
FN:389,(anonymous_28)
FNF:25
FNH:0
FNDA:0,(anonymous_4)
FNDA:0,(anonymous_5)
FNDA:0,(anonymous_6)
FNDA:0,(anonymous_7)
FNDA:0,(anonymous_8)
FNDA:0,(anonymous_9)
FNDA:0,(anonymous_10)
FNDA:0,(anonymous_11)
FNDA:0,(anonymous_12)
FNDA:0,(anonymous_13)
FNDA:0,(anonymous_14)
FNDA:0,(anonymous_15)
FNDA:0,(anonymous_16)
FNDA:0,(anonymous_17)
FNDA:0,(anonymous_18)
FNDA:0,(anonymous_19)
FNDA:0,(anonymous_20)
FNDA:0,(anonymous_21)
FNDA:0,(anonymous_22)
FNDA:0,(anonymous_23)
FNDA:0,(anonymous_24)
FNDA:0,(anonymous_25)
FNDA:0,(anonymous_26)
FNDA:0,(anonymous_27)
FNDA:0,(anonymous_28)
DA:1,0
DA:2,0
DA:3,0
DA:4,0
DA:9,0
DA:15,0
DA:16,0
DA:23,0
DA:24,0
DA:27,0
DA:28,0
DA:35,0
DA:37,0
DA:38,0
DA:39,0
DA:40,0
DA:42,0
DA:43,0
DA:51,0
DA:54,0
DA:55,0
DA:56,0
DA:60,0
DA:61,0
DA:62,0
DA:65,0
DA:68,0
DA:71,0
DA:78,0
DA:80,0
DA:82,0
DA:83,0
DA:84,0
DA:89,0
DA:91,0
DA:92,0
DA:101,0
DA:109,0
DA:110,0
DA:111,0
DA:113,0
DA:114,0
DA:123,0
DA:125,0
DA:126,0
DA:129,0
DA:131,0
DA:132,0
DA:134,0
DA:136,0
DA:137,0
DA:152,0
DA:154,0
DA:157,0
DA:159,0
DA:162,0
DA:170,0
DA:172,0
DA:174,0
DA:177,0
DA:192,0
DA:193,0
DA:195,0
DA:196,0
DA:206,0
DA:207,0
DA:209,0
DA:210,0
DA:220,0
DA:221,0
DA:222,0
DA:224,0
DA:225,0
DA:233,0
DA:236,0
DA:237,0
DA:238,0
DA:242,0
DA:243,0
DA:244,0
DA:247,0
DA:250,0
DA:252,0
DA:254,0
DA:255,0
DA:256,0
DA:266,0
DA:267,0
DA:270,0
DA:271,0
DA:272,0
DA:277,0
DA:279,0
DA:280,0
DA:289,0
DA:297,0
DA:298,0
DA:299,0
DA:301,0
DA:302,0
DA:311,0
DA:313,0
DA:314,0
DA:317,0
DA:319,0
DA:320,0
DA:322,0
DA:324,0
DA:325,0
DA:334,0
DA:336,0
DA:337,0
DA:340,0
DA:341,0
DA:342,0
DA:343,0
DA:345,0
DA:346,0
DA:355,0
DA:356,0
DA:362,0
DA:363,0
DA:373,0
DA:374,0
DA:379,0
DA:380,0
DA:390,0
DA:391,0
DA:392,0
DA:394,0
DA:395,0
LF:131
LH:0
BRDA:55,0,0,0
BRDA:55,0,1,0
BRDA:61,1,0,0
BRDA:61,1,1,0
BRDA:125,2,0,0
BRDA:125,2,1,0
BRDA:237,3,0,0
BRDA:237,3,1,0
BRDA:243,4,0,0
BRDA:243,4,1,0
BRDA:313,5,0,0
BRDA:313,5,1,0
BRDA:336,6,0,0
BRDA:336,6,1,0
BRDA:27,7,0,0
BRDA:27,7,1,0
BRDA:27,8,0,0
BRDA:27,8,1,0
BRDA:27,9,0,0
BRDA:27,9,1,0
BRDA:27,10,0,0
BRDA:27,10,1,0
BRF:22
BRH:0
end_of_record
TN:
SF:src/database/database.module.ts
FNF:0
FNH:0
DA:1,0
DA:2,0
DA:3,0
DA:4,0
DA:5,0
DA:22,0
LF:6
LH:0
BRF:0
BRH:0
end_of_record
TN:
SF:src/database/entities/role.entity.ts
FNF:0
FNH:0
DA:1,0
DA:3,0
DA:12,0
DA:15,0
DA:19,0
DA:23,0
DA:27,0
DA:34,0
LF:8
LH:0
BRDA:15,0,0,0
BRDA:15,0,1,0
BRDA:15,1,0,0
BRDA:15,1,1,0
BRF:4
BRH:0
end_of_record
TN:
SF:src/database/seeds/roles.seed.ts
FN:76,getRoleSeedData
FN:77,(anonymous_1)
FN:88,getRoleSeedById
FN:89,(anonymous_3)
FN:96,validateRoleSeedData
FN:102,(anonymous_5)
FN:104,(anonymous_6)
FN:106,(anonymous_7)
FNF:8
FNH:0
FNDA:0,getRoleSeedData
FNDA:0,(anonymous_1)
FNDA:0,getRoleSeedById
FNDA:0,(anonymous_3)
FNDA:0,validateRoleSeedData
FNDA:0,(anonymous_5)
FNDA:0,(anonymous_6)
FNDA:0,(anonymous_7)
DA:1,0
DA:27,0
DA:76,0
DA:77,0
DA:88,0
DA:89,0
DA:96,0
DA:101,0
DA:102,0
DA:104,0
DA:105,0
DA:106,0
DA:109,0
DA:110,0
DA:117,0
DA:118,0
DA:124,0
LF:17
LH:0
BRDA:109,0,0,0
BRDA:109,0,1,0
BRDA:117,1,0,0
BRDA:117,1,1,0
BRF:4
BRH:0
end_of_record
TN:
SF:src/database/seeds/users.seed.ts
FN:57,getUserSeedData
FN:58,(anonymous_1)
FN:69,getUserSeedByUsername
FN:72,(anonymous_3)
FN:79,validateUserSeedData
FNF:5
FNH:0
FNDA:0,getUserSeedData
FNDA:0,(anonymous_1)
FNDA:0,getUserSeedByUsername
FNDA:0,(anonymous_3)
FNDA:0,validateUserSeedData
DA:1,0
DA:32,0
DA:57,0
DA:58,0
DA:69,0
DA:72,0
DA:79,0
DA:84,0
DA:86,0
DA:88,0
DA:95,0
DA:99,0
DA:100,0
DA:104,0
DA:105,0
DA:109,0
DA:110,0
DA:111,0
DA:115,0
DA:116,0
DA:117,0
DA:121,0
DA:122,0
DA:126,0
DA:127,0
DA:134,0
LF:26
LH:0
BRDA:88,0,0,0
BRDA:88,0,1,0
BRDA:89,1,0,0
BRDA:89,1,1,0
BRDA:89,1,2,0
BRDA:89,1,3,0
BRDA:89,1,4,0
BRDA:95,2,0,0
BRDA:95,2,1,0
BRDA:99,3,0,0
BRDA:99,3,1,0
BRDA:99,4,0,0
BRDA:99,4,1,0
BRDA:104,5,0,0
BRDA:104,5,1,0
BRDA:104,6,0,0
BRDA:104,6,1,0
BRDA:110,7,0,0
BRDA:110,7,1,0
BRDA:110,8,0,0
BRDA:110,8,1,0
BRDA:116,9,0,0
BRDA:116,9,1,0
BRDA:116,10,0,0
BRDA:116,10,1,0
BRDA:121,11,0,0
BRDA:121,11,1,0
BRDA:121,12,0,0
BRDA:121,12,1,0
BRDA:126,13,0,0
BRDA:126,13,1,0
BRF:31
BRH:0
end_of_record
TN:
SF:src/logger/index.ts
FNF:0
FNH:0
DA:1,0
DA:2,0
DA:3,0
LF:3
LH:0
BRF:0
BRH:0
end_of_record
TN:
SF:src/logger/logger.module.ts
FNF:0
FNH:0
DA:1,0
DA:2,0
DA:3,0
DA:9,0
LF:4
LH:0
BRF:0
BRH:0
end_of_record
TN:
SF:src/logger/logger.service.ts
FN:13,(anonymous_1)
FN:48,(anonymous_2)
FN:74,(anonymous_3)
FNF:3
FNH:0
FNDA:0,(anonymous_1)
FNDA:0,(anonymous_2)
FNDA:0,(anonymous_3)
DA:1,2
DA:4,2
DA:20,0
DA:34,0
DA:55,0
DA:63,0
DA:75,0
DA:82,0
LF:8
LH:2
BRDA:24,0,0,0
BRDA:24,0,1,0
BRDA:24,0,2,0
BRDA:24,0,3,0
BRDA:24,0,4,0
BRDA:28,1,0,0
BRDA:28,1,1,0
BRDA:28,1,2,0
BRDA:28,1,3,0
BRDA:28,1,4,0
BRDA:36,2,0,0
BRDA:36,2,1,0
BRDA:60,3,0,0
BRDA:60,3,1,0
BRDA:65,4,0,0
BRDA:65,4,1,0
BRDA:79,5,0,0
BRDA:79,5,1,0
BRDA:85,6,0,0
BRDA:85,6,1,0
BRF:20
BRH:0
end_of_record
TN:
SF:src/logger/logging.interceptor.ts
FN:13,(anonymous_2)
FN:15,(anonymous_3)
FN:42,(anonymous_4)
FN:53,(anonymous_5)
FNF:4
FNH:0
FNDA:0,(anonymous_2)
FNDA:0,(anonymous_3)
FNDA:0,(anonymous_4)
FNDA:0,(anonymous_5)
DA:1,0
DA:8,0
DA:9,0
DA:12,0
DA:13,0
DA:16,0
DA:17,0
DA:18,0
DA:20,0
DA:21,0
DA:22,0
DA:25,0
DA:28,0
DA:29,0
DA:32,0
DA:40,0
DA:43,0
DA:45,0
DA:54,0
DA:56,0
DA:60,0
LF:21
LH:0
BRDA:63,0,0,0
BRDA:63,0,1,0
BRDA:63,1,0,0
BRDA:63,1,1,0
BRDA:13,2,0,0
BRDA:13,2,1,0
BRDA:13,3,0,0
BRDA:13,3,1,0
BRF:8
BRH:0
end_of_record
TN:
SF:src/scripts/seed.ts
FN:13,bootstrap
FN:57,(anonymous_1)
FN:66,(anonymous_2)
FN:74,(anonymous_3)
FN:79,(anonymous_4)
FNF:5
FNH:0
FNDA:0,bootstrap
FNDA:0,(anonymous_1)
FNDA:0,(anonymous_2)
FNDA:0,(anonymous_3)
FNDA:0,(anonymous_4)
DA:8,0
DA:9,0
DA:10,0
DA:11,0
DA:14,0
DA:16,0
DA:17,0
DA:20,0
DA:23,0
DA:26,0
DA:27,0
DA:29,0
DA:31,0
DA:32,0
DA:35,0
DA:36,0
DA:37,0
DA:40,0
DA:41,0
DA:42,0
DA:43,0
DA:44,0
DA:46,0
DA:47,0
DA:48,0
DA:49,0
DA:50,0
DA:51,0
DA:52,0
DA:53,0
DA:55,0
DA:56,0
DA:57,0
DA:58,0
DA:61,0
DA:64,0
DA:65,0
DA:66,0
DA:67,0
DA:70,0
DA:73,0
DA:74,0
DA:75,0
DA:78,0
DA:79,0
DA:80,0
DA:82,0
DA:86,0
DA:87,0
DA:88,0
DA:89,0
DA:90,0
DA:91,0
DA:94,0
DA:95,0
DA:96,0
DA:98,0
DA:99,0
DA:104,0
LF:59
LH:0
BRDA:27,0,0,0
BRDA:27,0,1,0
BRDA:29,1,0,0
BRDA:29,1,1,0
BRDA:29,1,2,0
BRDA:29,1,3,0
BRDA:47,2,0,0
BRDA:47,2,1,0
BRDA:48,3,0,0
BRDA:48,3,1,0
BRDA:55,4,0,0
BRDA:55,4,1,0
BRDA:64,5,0,0
BRDA:64,5,1,0
BRF:14
BRH:0
end_of_record
TN:
SF:src/users/users.controller.ts
FN:23,(anonymous_4)
FN:30,(anonymous_5)
FN:47,(anonymous_6)
FN:58,(anonymous_7)
FN:72,(anonymous_8)
FN:90,(anonymous_9)
FN:102,(anonymous_10)
FN:128,(anonymous_11)
FNF:8
FNH:8
FNDA:11,(anonymous_4)
FNDA:1,(anonymous_5)
FNDA:1,(anonymous_6)
FNDA:2,(anonymous_7)
FNDA:1,(anonymous_8)
FNDA:1,(anonymous_9)
FNDA:2,(anonymous_10)
FNDA:2,(anonymous_11)
DA:1,1
DA:13,1
DA:14,1
DA:15,1
DA:17,1
DA:18,1
DA:22,1
DA:24,11
DA:25,11
DA:30,1
DA:31,1
DA:36,1
DA:38,1
DA:43,1
DA:47,1
DA:48,1
DA:50,1
DA:52,1
DA:54,1
DA:58,1
DA:59,2
DA:61,2
DA:63,1
DA:68,1
DA:72,1
DA:76,1
DA:78,1
DA:80,1
DA:85,1
DA:90,1
DA:91,1
DA:93,1
DA:95,1
DA:102,1
DA:105,2
DA:110,2
DA:112,2
DA:113,1
DA:118,1
DA:124,2
DA:128,1
DA:131,2
DA:136,2
DA:138,2
DA:139,1
DA:144,1
DA:150,2
LF:47
LH:47
BRDA:112,0,0,1
BRDA:112,0,1,1
BRDA:138,1,0,1
BRDA:138,1,1,1
BRDA:30,2,0,1
BRDA:30,2,1,0
BRDA:30,3,0,1
BRDA:30,3,1,1
BRDA:30,4,0,1
BRDA:30,4,1,0
BRDA:30,5,0,1
BRDA:30,5,1,1
BRDA:47,6,0,1
BRDA:47,6,1,0
BRDA:47,7,0,1
BRDA:47,7,1,1
BRDA:58,8,0,1
BRDA:58,8,1,0
BRDA:58,9,0,1
BRDA:58,9,1,1
BRDA:74,10,0,1
BRDA:74,10,1,0
BRDA:74,11,0,1
BRDA:74,11,1,1
BRDA:75,12,0,1
BRDA:75,12,1,0
BRDA:75,13,0,1
BRDA:75,13,1,1
BRDA:90,14,0,1
BRDA:90,14,1,0
BRDA:90,15,0,1
BRDA:90,15,1,1
BRDA:104,16,0,1
BRDA:104,16,1,0
BRDA:104,17,0,1
BRDA:104,17,1,1
BRDA:130,18,0,1
BRDA:130,18,1,0
BRDA:130,19,0,1
BRDA:130,19,1,1
BRDA:24,20,0,1
BRDA:24,20,1,0
BRDA:24,21,0,1
BRDA:24,21,1,1
BRDA:24,22,0,1
BRDA:24,22,1,0
BRDA:24,23,0,1
BRDA:24,23,1,1
BRF:48
BRH:37
end_of_record
TN:
SF:src/users/users.module.ts
FNF:0
FNH:0
DA:1,0
DA:2,0
DA:3,0
DA:4,0
DA:5,0
DA:6,0
DA:17,0
LF:7
LH:0
BRF:0
BRH:0
end_of_record
TN:
SF:src/users/users.service.ts
FN:12,(anonymous_13)
FN:14,(anonymous_14)
FN:20,(anonymous_15)
FN:22,(anonymous_16)
FN:25,(anonymous_17)
FN:33,(anonymous_18)
FN:53,(anonymous_19)
FN:60,(anonymous_20)
FN:65,(anonymous_21)
FN:71,(anonymous_22)
FN:76,(anonymous_23)
FNF:11
FNH:11
FNDA:20,(anonymous_13)
FNDA:1,(anonymous_14)
FNDA:1,(anonymous_15)
FNDA:1,(anonymous_16)
FNDA:2,(anonymous_17)
FNDA:4,(anonymous_18)
FNDA:2,(anonymous_19)
FNDA:2,(anonymous_20)
FNDA:2,(anonymous_21)
FNDA:5,(anonymous_22)
FNDA:3,(anonymous_23)
DA:1,4
DA:2,4
DA:3,4
DA:6,4
DA:7,4
DA:8,4
DA:11,4
DA:12,20
DA:15,1
DA:16,1
DA:17,1
DA:21,1
DA:22,1
DA:26,2
DA:27,2
DA:28,1
DA:30,1
DA:38,4
DA:39,1
DA:42,4
DA:46,4
DA:47,1
DA:50,3
DA:54,2
DA:55,2
DA:56,1
DA:61,2
DA:62,2
DA:66,2
DA:67,2
DA:72,5
DA:80,3
DA:81,3
DA:82,1
DA:84,2
LF:35
LH:35
BRDA:27,0,0,1
BRDA:27,0,1,1
BRDA:38,1,0,1
BRDA:38,1,1,3
BRDA:46,2,0,1
BRDA:46,2,1,3
BRDA:55,3,0,1
BRDA:55,3,1,1
BRDA:62,4,0,1
BRDA:62,4,1,1
BRDA:67,5,0,1
BRDA:67,5,1,1
BRDA:81,6,0,1
BRDA:81,6,1,2
BRDA:81,7,0,3
BRDA:81,7,1,2
BRDA:12,8,0,4
BRDA:12,8,1,0
BRDA:12,9,0,4
BRDA:12,9,1,4
BRF:20
BRH:19
end_of_record
TN:
SF:src/users/dto/create-user.dto.ts
FNF:0
FNH:0
DA:1,1
DA:11,1
DA:13,1
DA:16,1
DA:21,1
DA:26,1
DA:30,1
DA:37,1
DA:41,1
DA:49,1
LF:10
LH:10
BRF:0
BRH:0
end_of_record
TN:
SF:src/users/dto/role.dto.ts
FN:13,(anonymous_0)
FNF:1
FNH:1
FNDA:27,(anonymous_0)
DA:1,4
DA:6,4
DA:14,27
DA:15,27
LF:4
LH:4
BRF:0
BRH:0
end_of_record
TN:
SF:src/users/dto/update-user.dto.ts
FNF:0
FNH:0
DA:1,1
DA:2,1
DA:4,1
LF:3
LH:3
BRF:0
BRH:0
end_of_record
TN:
SF:src/users/dto/user-response.dto.ts
FN:15,(anonymous_0)
FN:22,(anonymous_1)
FNF:2
FNH:2
FNDA:12,(anonymous_0)
FNDA:15,(anonymous_1)
DA:2,4
DA:4,4
DA:16,12
DA:17,12
DA:18,12
DA:19,12
DA:20,12
DA:21,12
DA:22,15
DA:23,12
DA:24,12
LF:11
LH:11
BRF:0
BRH:0
end_of_record
TN:
SF:src/users/entities/user.entity.ts
FN:42,(anonymous_11)
FN:60,(anonymous_12)
FNF:2
FNH:0
FNDA:0,(anonymous_11)
FNDA:0,(anonymous_12)
DA:1,4
DA:3,4
DA:4,4
DA:12,4
DA:14,4
DA:17,4
DA:20,4
DA:23,4
DA:26,4
DA:29,4
DA:32,4
DA:39,4
DA:42,4
DA:44,0
DA:46,0
DA:48,0
DA:49,0
DA:50,0
DA:54,0
DA:55,0
DA:60,4
DA:64,0
DA:65,0
LF:23
LH:14
BRDA:44,0,0,0
BRDA:44,0,1,0
BRDA:54,1,0,0
BRDA:54,1,1,0
BRF:4
BRH:0
end_of_record
